# JMH version: 1.26
# VM version: JDK 1.8.0_282, OpenJDK 64-Bit Server VM, 25.282-b08
# VM invoker: /usr/local/java/jdk8u282/bin/java
# VM options: -Xmx8G -Xms8G
# Warmup: 2 iterations, 10 s each
# Measurement: 1 iterations, 5 s each
# Timeout: 10 min per iteration
# Threads: 4 threads, will synchronize iterations
# Benchmark mode: Sampling time
# Benchmark: test.clock.SystemTime.testBufferClock

# Run progress: 0.00% complete, ETA 00:04:10
# Fork: 1 of 5
# Warmup Iteration   1: 25.495 ±(99.9%) 0.309 ms/op
# Warmup Iteration   2: 25.081 ±(99.9%) 0.164 ms/op
Iteration   1: 24.988 ±(99.9%) 0.199 ms/op
                 testBufferClock·p0.00:   24.740 ms/op
                 testBufferClock·p0.50:   24.805 ms/op
                 testBufferClock·p0.90:   24.904 ms/op
                 testBufferClock·p0.95:   24.936 ms/op
                 testBufferClock·p0.99:   28.672 ms/op
                 testBufferClock·p0.999:  49.021 ms/op
                 testBufferClock·p0.9999: 49.021 ms/op
                 testBufferClock·p1.00:   49.021 ms/op


# Run progress: 10.00% complete, ETA 00:03:48
# Fork: 2 of 5
# Warmup Iteration   1: 25.440 ±(99.9%) 0.287 ms/op
# Warmup Iteration   2: 25.075 ±(99.9%) 0.184 ms/op
Iteration   1: 24.972 ±(99.9%) 0.199 ms/op
                 testBufferClock·p0.00:   24.740 ms/op
                 testBufferClock·p0.50:   24.805 ms/op
                 testBufferClock·p0.90:   24.936 ms/op
                 testBufferClock·p0.95:   24.969 ms/op
                 testBufferClock·p0.99:   27.352 ms/op
                 testBufferClock·p0.999:  49.086 ms/op
                 testBufferClock·p0.9999: 49.086 ms/op
                 testBufferClock·p1.00:   49.086 ms/op


# Run progress: 20.00% complete, ETA 00:03:23
# Fork: 3 of 5
# Warmup Iteration   1: 25.562 ±(99.9%) 0.358 ms/op
# Warmup Iteration   2: 25.015 ±(99.9%) 0.165 ms/op
Iteration   1: 24.934 ±(99.9%) 0.159 ms/op
                 testBufferClock·p0.00:   24.740 ms/op
                 testBufferClock·p0.50:   24.805 ms/op
                 testBufferClock·p0.90:   24.904 ms/op
                 testBufferClock·p0.95:   24.936 ms/op
                 testBufferClock·p0.99:   26.344 ms/op
                 testBufferClock·p0.999:  44.892 ms/op
                 testBufferClock·p0.9999: 44.892 ms/op
                 testBufferClock·p1.00:   44.892 ms/op


# Run progress: 30.00% complete, ETA 00:02:57
# Fork: 4 of 5
# Warmup Iteration   1: 25.471 ±(99.9%) 0.318 ms/op
# Warmup Iteration   2: 25.014 ±(99.9%) 0.146 ms/op
Iteration   1: 24.998 ±(99.9%) 0.239 ms/op
                 testBufferClock·p0.00:   24.740 ms/op
                 testBufferClock·p0.50:   24.805 ms/op
                 testBufferClock·p0.90:   24.904 ms/op
                 testBufferClock·p0.95:   24.936 ms/op
                 testBufferClock·p0.99:   28.648 ms/op
                 testBufferClock·p0.999:  71.303 ms/op
                 testBufferClock·p0.9999: 71.303 ms/op
                 testBufferClock·p1.00:   71.303 ms/op


# Run progress: 40.00% complete, ETA 00:02:32
# Fork: 5 of 5
# Warmup Iteration   1: 25.534 ±(99.9%) 0.340 ms/op
# Warmup Iteration   2: 24.999 ±(99.9%) 0.142 ms/op
Iteration   1: 26.606 ±(99.9%) 0.667 ms/op
                 testBufferClock·p0.00:   24.740 ms/op
                 testBufferClock·p0.50:   24.871 ms/op
                 testBufferClock·p0.90:   29.458 ms/op
                 testBufferClock·p0.95:   36.635 ms/op
                 testBufferClock·p0.99:   52.724 ms/op
                 testBufferClock·p0.999:  62.521 ms/op
                 testBufferClock·p0.9999: 62.521 ms/op
                 testBufferClock·p1.00:   62.521 ms/op



Result "test.clock.SystemTime.testBufferClock":
  N = 3945
  mean =     25.283 ±(99.9%) 0.154 ms/op

  Histogram, ms/op:
    [20.000, 25.000) = 3644 
    [25.000, 30.000) = 214 
    [30.000, 35.000) = 23 
    [35.000, 40.000) = 18 
    [40.000, 45.000) = 13 
    [45.000, 50.000) = 9 
    [50.000, 55.000) = 20 
    [55.000, 60.000) = 2 
    [60.000, 65.000) = 1 
    [65.000, 70.000) = 0 
    [70.000, 75.000) = 1 

  Percentiles, ms/op:
      p(0.0000) =     24.740 ms/op
     p(50.0000) =     24.805 ms/op
     p(90.0000) =     24.936 ms/op
     p(95.0000) =     25.264 ms/op
     p(99.0000) =     42.787 ms/op
     p(99.9000) =     55.999 ms/op
     p(99.9900) =     71.303 ms/op
     p(99.9990) =     71.303 ms/op
     p(99.9999) =     71.303 ms/op
    p(100.0000) =     71.303 ms/op


# JMH version: 1.26
# VM version: JDK 1.8.0_282, OpenJDK 64-Bit Server VM, 25.282-b08
# VM invoker: /usr/local/java/jdk8u282/bin/java
# VM options: -Xmx8G -Xms8G
# Warmup: 2 iterations, 10 s each
# Measurement: 1 iterations, 5 s each
# Timeout: 10 min per iteration
# Threads: 4 threads, will synchronize iterations
# Benchmark mode: Sampling time
# Benchmark: test.clock.SystemTime.testSystemMilliSpeed

# Run progress: 50.00% complete, ETA 00:02:06
# Fork: 1 of 5
# Warmup Iteration   1: 1355.219 ±(99.9%) 54.476 ms/op
# Warmup Iteration   2: 1306.670 ±(99.9%) 0.369 ms/op
Iteration   1: 1307.332 ±(99.9%) 2.184 ms/op
                 testSystemMilliSpeed·p0.00:   1306.526 ms/op
                 testSystemMilliSpeed·p0.50:   1306.526 ms/op
                 testSystemMilliSpeed·p0.90:   1311.139 ms/op
                 testSystemMilliSpeed·p0.95:   1312.817 ms/op
                 testSystemMilliSpeed·p0.99:   1312.817 ms/op
                 testSystemMilliSpeed·p0.999:  1312.817 ms/op
                 testSystemMilliSpeed·p0.9999: 1312.817 ms/op
                 testSystemMilliSpeed·p1.00:   1312.817 ms/op


# Run progress: 60.00% complete, ETA 00:01:44
# Fork: 2 of 5
# Warmup Iteration   1: 1357.119 ±(99.9%) 56.772 ms/op
# Warmup Iteration   2: 1306.815 ±(99.9%) 0.631 ms/op
Iteration   1: 1306.526 ±(99.9%) 0.001 ms/op
                 testSystemMilliSpeed·p0.00:   1306.526 ms/op
                 testSystemMilliSpeed·p0.50:   1306.526 ms/op
                 testSystemMilliSpeed·p0.90:   1306.526 ms/op
                 testSystemMilliSpeed·p0.95:   1306.526 ms/op
                 testSystemMilliSpeed·p0.99:   1306.526 ms/op
                 testSystemMilliSpeed·p0.999:  1306.526 ms/op
                 testSystemMilliSpeed·p0.9999: 1306.526 ms/op
                 testSystemMilliSpeed·p1.00:   1306.526 ms/op


# Run progress: 70.00% complete, ETA 00:01:20
# Fork: 3 of 5
# Warmup Iteration   1: 1363.804 ±(99.9%) 57.904 ms/op
# Warmup Iteration   2: 1314.914 ±(99.9%) 0.001 ms/op
Iteration   1: 1314.914 ±(99.9%) 0.001 ms/op
                 testSystemMilliSpeed·p0.00:   1314.914 ms/op
                 testSystemMilliSpeed·p0.50:   1314.914 ms/op
                 testSystemMilliSpeed·p0.90:   1314.914 ms/op
                 testSystemMilliSpeed·p0.95:   1314.914 ms/op
                 testSystemMilliSpeed·p0.99:   1314.914 ms/op
                 testSystemMilliSpeed·p0.999:  1314.914 ms/op
                 testSystemMilliSpeed·p0.9999: 1314.914 ms/op
                 testSystemMilliSpeed·p1.00:   1314.914 ms/op


# Run progress: 80.00% complete, ETA 00:00:54
# Fork: 4 of 5
# Warmup Iteration   1: 1344.864 ±(99.9%) 38.869 ms/op
# Warmup Iteration   2: 1306.526 ±(99.9%) 0.001 ms/op
Iteration   1: 1306.526 ±(99.9%) 0.001 ms/op
                 testSystemMilliSpeed·p0.00:   1306.526 ms/op
                 testSystemMilliSpeed·p0.50:   1306.526 ms/op
                 testSystemMilliSpeed·p0.90:   1306.526 ms/op
                 testSystemMilliSpeed·p0.95:   1306.526 ms/op
                 testSystemMilliSpeed·p0.99:   1306.526 ms/op
                 testSystemMilliSpeed·p0.999:  1306.526 ms/op
                 testSystemMilliSpeed·p0.9999: 1306.526 ms/op
                 testSystemMilliSpeed·p1.00:   1306.526 ms/op


# Run progress: 90.00% complete, ETA 00:00:27
# Fork: 5 of 5
# Warmup Iteration   1: 1344.471 ±(99.9%) 38.009 ms/op
# Warmup Iteration   2: 1306.526 ±(99.9%) 0.001 ms/op
Iteration   1: 1306.526 ±(99.9%) 0.001 ms/op
                 testSystemMilliSpeed·p0.00:   1306.526 ms/op
                 testSystemMilliSpeed·p0.50:   1306.526 ms/op
                 testSystemMilliSpeed·p0.90:   1306.526 ms/op
                 testSystemMilliSpeed·p0.95:   1306.526 ms/op
                 testSystemMilliSpeed·p0.99:   1306.526 ms/op
                 testSystemMilliSpeed·p0.999:  1306.526 ms/op
                 testSystemMilliSpeed·p0.9999: 1306.526 ms/op
                 testSystemMilliSpeed·p1.00:   1306.526 ms/op



Result "test.clock.SystemTime.testSystemMilliSpeed":
  N = 65
  mean =   1308.365 ±(99.9%) 1.458 ms/op

  Histogram, ms/op:
    [1306.000, 1306.500) = 0 
    [1306.500, 1307.000) = 49 
    [1307.000, 1307.500) = 0 
    [1307.500, 1308.000) = 0 
    [1308.000, 1308.500) = 0 
    [1308.500, 1309.000) = 2 
    [1309.000, 1309.500) = 0 
    [1309.500, 1310.000) = 0 
    [1310.000, 1310.500) = 0 
    [1310.500, 1311.000) = 0 
    [1311.000, 1311.500) = 0 
    [1311.500, 1312.000) = 0 
    [1312.000, 1312.500) = 0 
    [1312.500, 1313.000) = 1 
    [1313.000, 1313.500) = 0 
    [1313.500, 1314.000) = 0 
    [1314.000, 1314.500) = 0 

  Percentiles, ms/op:
      p(0.0000) =   1306.526 ms/op
     p(50.0000) =   1306.526 ms/op
     p(90.0000) =   1314.914 ms/op
     p(95.0000) =   1314.914 ms/op
     p(99.0000) =   1314.914 ms/op
     p(99.9000) =   1314.914 ms/op
     p(99.9900) =   1314.914 ms/op
     p(99.9990) =   1314.914 ms/op
     p(99.9999) =   1314.914 ms/op
    p(100.0000) =   1314.914 ms/op


# Run complete. Total time: 00:04:40

REMEMBER: The numbers below are just data. To gain reusable insights, you need to follow up on
why the numbers are the way they are. Use profilers (see -prof, -lprof), design factorial
experiments, perform baseline and negative tests that provide experimental control, make sure
the benchmarking environment is safe on JVM/OS/HW level, ask for reviews from the domain experts.
Do not assume the numbers tell you what you want them to tell.

Benchmark                                                       Mode   Cnt     Score   Error  Units
SystemTime.testBufferClock                                    sample  3945    25.283 ± 0.154  ms/op
SystemTime.testBufferClock:testBufferClock·p0.00              sample          24.740          ms/op
SystemTime.testBufferClock:testBufferClock·p0.50              sample          24.805          ms/op
SystemTime.testBufferClock:testBufferClock·p0.90              sample          24.936          ms/op
SystemTime.testBufferClock:testBufferClock·p0.95              sample          25.264          ms/op
SystemTime.testBufferClock:testBufferClock·p0.99              sample          42.787          ms/op
SystemTime.testBufferClock:testBufferClock·p0.999             sample          55.999          ms/op
SystemTime.testBufferClock:testBufferClock·p0.9999            sample          71.303          ms/op
SystemTime.testBufferClock:testBufferClock·p1.00              sample          71.303          ms/op
SystemTime.testSystemMilliSpeed                               sample    65  1308.365 ± 1.458  ms/op
SystemTime.testSystemMilliSpeed:testSystemMilliSpeed·p0.00    sample        1306.526          ms/op
SystemTime.testSystemMilliSpeed:testSystemMilliSpeed·p0.50    sample        1306.526          ms/op
SystemTime.testSystemMilliSpeed:testSystemMilliSpeed·p0.90    sample        1314.914          ms/op
SystemTime.testSystemMilliSpeed:testSystemMilliSpeed·p0.95    sample        1314.914          ms/op
SystemTime.testSystemMilliSpeed:testSystemMilliSpeed·p0.99    sample        1314.914          ms/op
SystemTime.testSystemMilliSpeed:testSystemMilliSpeed·p0.999   sample        1314.914          ms/op
SystemTime.testSystemMilliSpeed:testSystemMilliSpeed·p0.9999  sample        1314.914          ms/op
SystemTime.testSystemMilliSpeed:testSystemMilliSpeed·p1.00    sample        1314.914          ms/op

Benchmark result is saved to ./logs/linux_tsc_t4.json
