# JMH version: 1.26
# VM version: JDK 1.8.0_282, OpenJDK 64-Bit Server VM, 25.282-b08
# VM invoker: /usr/local/java/jdk8u282/bin/java
# VM options: -Xmx8G -Xms8G
# Warmup: 2 iterations, 10 s each
# Measurement: 1 iterations, 5 s each
# Timeout: 10 min per iteration
# Threads: 8 threads, will synchronize iterations
# Benchmark mode: Sampling time
# Benchmark: test.clock.SystemTime.testBufferClock

# Run progress: 0.00% complete, ETA 00:04:10
# Fork: 1 of 5
# Warmup Iteration   1: 51.825 ±(99.9%) 0.422 ms/op
# Warmup Iteration   2: 51.400 ±(99.9%) 0.325 ms/op
Iteration   1: 51.076 ±(99.9%) 0.243 ms/op
                 testBufferClock·p0.00:   47.317 ms/op
                 testBufferClock·p0.50:   50.856 ms/op
                 testBufferClock·p0.90:   50.921 ms/op
                 testBufferClock·p0.95:   50.987 ms/op
                 testBufferClock·p0.99:   64.760 ms/op
                 testBufferClock·p0.999:  75.366 ms/op
                 testBufferClock·p0.9999: 75.366 ms/op
                 testBufferClock·p1.00:   75.366 ms/op


# Run progress: 10.00% complete, ETA 00:03:50
# Fork: 2 of 5
# Warmup Iteration   1: 51.849 ±(99.9%) 0.538 ms/op
# Warmup Iteration   2: 51.074 ±(99.9%) 0.158 ms/op
Iteration   1: 50.923 ±(99.9%) 0.108 ms/op
                 testBufferClock·p0.00:   45.548 ms/op
                 testBufferClock·p0.50:   50.856 ms/op
                 testBufferClock·p0.90:   50.921 ms/op
                 testBufferClock·p0.95:   50.987 ms/op
                 testBufferClock·p0.99:   54.928 ms/op
                 testBufferClock·p0.999:  65.536 ms/op
                 testBufferClock·p0.9999: 65.536 ms/op
                 testBufferClock·p1.00:   65.536 ms/op


# Run progress: 20.00% complete, ETA 00:03:24
# Fork: 3 of 5
# Warmup Iteration   1: 51.783 ±(99.9%) 0.431 ms/op
# Warmup Iteration   2: 51.150 ±(99.9%) 0.226 ms/op
Iteration   1: 50.884 ±(99.9%) 0.103 ms/op
                 testBufferClock·p0.00:   41.878 ms/op
                 testBufferClock·p0.50:   50.856 ms/op
                 testBufferClock·p0.90:   50.921 ms/op
                 testBufferClock·p0.95:   50.987 ms/op
                 testBufferClock·p0.99:   51.557 ms/op
                 testBufferClock·p0.999:  71.565 ms/op
                 testBufferClock·p0.9999: 71.565 ms/op
                 testBufferClock·p1.00:   71.565 ms/op


# Run progress: 30.00% complete, ETA 00:02:58
# Fork: 4 of 5
# Warmup Iteration   1: 51.756 ±(99.9%) 0.516 ms/op
# Warmup Iteration   2: 51.060 ±(99.9%) 0.191 ms/op
Iteration   1: 50.883 ±(99.9%) 0.091 ms/op
                 testBufferClock·p0.00:   46.596 ms/op
                 testBufferClock·p0.50:   50.856 ms/op
                 testBufferClock·p0.90:   50.921 ms/op
                 testBufferClock·p0.95:   50.921 ms/op
                 testBufferClock·p0.99:   51.397 ms/op
                 testBufferClock·p0.999:  62.652 ms/op
                 testBufferClock·p0.9999: 62.652 ms/op
                 testBufferClock·p1.00:   62.652 ms/op


# Run progress: 40.00% complete, ETA 00:02:33
# Fork: 5 of 5
# Warmup Iteration   1: 51.845 ±(99.9%) 0.482 ms/op
# Warmup Iteration   2: 51.074 ±(99.9%) 0.201 ms/op
Iteration   1: 51.096 ±(99.9%) 0.284 ms/op
                 testBufferClock·p0.00:   47.972 ms/op
                 testBufferClock·p0.50:   50.856 ms/op
                 testBufferClock·p0.90:   50.921 ms/op
                 testBufferClock·p0.95:   50.921 ms/op
                 testBufferClock·p0.99:   66.742 ms/op
                 testBufferClock·p0.999:  78.119 ms/op
                 testBufferClock·p0.9999: 78.119 ms/op
                 testBufferClock·p1.00:   78.119 ms/op



Result "test.clock.SystemTime.testBufferClock":
  N = 3922
  mean =     50.972 ±(99.9%) 0.082 ms/op

  Histogram, ms/op:
    [40.000, 42.500) = 1 
    [42.500, 45.000) = 0 
    [45.000, 47.500) = 4 
    [47.500, 50.000) = 16 
    [50.000, 52.500) = 3851 
    [52.500, 55.000) = 15 
    [55.000, 57.500) = 7 
    [57.500, 60.000) = 4 
    [60.000, 62.500) = 4 
    [62.500, 65.000) = 4 
    [65.000, 67.500) = 4 
    [67.500, 70.000) = 0 
    [70.000, 72.500) = 2 
    [72.500, 75.000) = 4 
    [75.000, 77.500) = 5 

  Percentiles, ms/op:
      p(0.0000) =     41.878 ms/op
     p(50.0000) =     50.856 ms/op
     p(90.0000) =     50.921 ms/op
     p(95.0000) =     50.987 ms/op
     p(99.0000) =     54.183 ms/op
     p(99.9000) =     75.518 ms/op
     p(99.9900) =     78.119 ms/op
     p(99.9990) =     78.119 ms/op
     p(99.9999) =     78.119 ms/op
    p(100.0000) =     78.119 ms/op


# JMH version: 1.26
# VM version: JDK 1.8.0_282, OpenJDK 64-Bit Server VM, 25.282-b08
# VM invoker: /usr/local/java/jdk8u282/bin/java
# VM options: -Xmx8G -Xms8G
# Warmup: 2 iterations, 10 s each
# Measurement: 1 iterations, 5 s each
# Timeout: 10 min per iteration
# Threads: 8 threads, will synchronize iterations
# Benchmark mode: Sampling time
# Benchmark: test.clock.SystemTime.testSystemMilliSpeed

# Run progress: 50.00% complete, ETA 00:02:07
# Fork: 1 of 5
# Warmup Iteration   1: 1566.829 ±(99.9%) 28.608 ms/op
# Warmup Iteration   2: 1610.313 ±(99.9%) 78.052 ms/op
Iteration   1: 1540.065 ±(99.9%) 5.496 ms/op
                 testSystemMilliSpeed·p0.00:   1526.727 ms/op
                 testSystemMilliSpeed·p0.50:   1541.407 ms/op
                 testSystemMilliSpeed·p0.90:   1547.698 ms/op
                 testSystemMilliSpeed·p0.95:   1553.570 ms/op
                 testSystemMilliSpeed·p0.99:   1556.087 ms/op
                 testSystemMilliSpeed·p0.999:  1556.087 ms/op
                 testSystemMilliSpeed·p0.9999: 1556.087 ms/op
                 testSystemMilliSpeed·p1.00:   1556.087 ms/op


# Run progress: 60.00% complete, ETA 00:01:47
# Fork: 2 of 5
# Warmup Iteration   1: 1643.953 ±(99.9%) 63.764 ms/op
# Warmup Iteration   2: 1619.857 ±(99.9%) 60.258 ms/op
Iteration   1: 1709.412 ±(99.9%) 159.071 ms/op
                 testSystemMilliSpeed·p0.00:   1526.727 ms/op
                 testSystemMilliSpeed·p0.50:   1585.447 ms/op
                 testSystemMilliSpeed·p0.90:   1913.651 ms/op
                 testSystemMilliSpeed·p0.95:   1923.088 ms/op
                 testSystemMilliSpeed·p0.99:   1923.088 ms/op
                 testSystemMilliSpeed·p0.999:  1923.088 ms/op
                 testSystemMilliSpeed·p0.9999: 1923.088 ms/op
                 testSystemMilliSpeed·p1.00:   1923.088 ms/op


# Run progress: 70.00% complete, ETA 00:01:22
# Fork: 3 of 5
# Warmup Iteration   1: 1621.312 ±(99.9%) 37.496 ms/op
# Warmup Iteration   2: 1601.882 ±(99.9%) 68.544 ms/op
Iteration   1: 1548.285 ±(99.9%) 18.618 ms/op
                 testSystemMilliSpeed·p0.00:   1530.921 ms/op
                 testSystemMilliSpeed·p0.50:   1545.601 ms/op
                 testSystemMilliSpeed·p0.90:   1558.603 ms/op
                 testSystemMilliSpeed·p0.95:   1631.375 ms/op
                 testSystemMilliSpeed·p0.99:   1660.944 ms/op
                 testSystemMilliSpeed·p0.999:  1660.944 ms/op
                 testSystemMilliSpeed·p0.9999: 1660.944 ms/op
                 testSystemMilliSpeed·p1.00:   1660.944 ms/op


# Run progress: 80.00% complete, ETA 00:00:56
# Fork: 4 of 5
# Warmup Iteration   1: 1615.321 ±(99.9%) 37.117 ms/op
# Warmup Iteration   2: 1622.554 ±(99.9%) 56.372 ms/op
Iteration   1: 1562.462 ±(99.9%) 8.306 ms/op
                 testSystemMilliSpeed·p0.00:   1547.698 ms/op
                 testSystemMilliSpeed·p0.50:   1560.281 ms/op
                 testSystemMilliSpeed·p0.90:   1586.286 ms/op
                 testSystemMilliSpeed·p0.95:   1587.544 ms/op
                 testSystemMilliSpeed·p0.99:   1587.544 ms/op
                 testSystemMilliSpeed·p0.999:  1587.544 ms/op
                 testSystemMilliSpeed·p0.9999: 1587.544 ms/op
                 testSystemMilliSpeed·p1.00:   1587.544 ms/op


# Run progress: 90.00% complete, ETA 00:00:29
# Fork: 5 of 5
# Warmup Iteration   1: 1648.704 ±(99.9%) 60.989 ms/op
# Warmup Iteration   2: 1573.806 ±(99.9%) 6.213 ms/op
Iteration   1: 1628.145 ±(99.9%) 74.317 ms/op
                 testSystemMilliSpeed·p0.00:   1541.407 ms/op
                 testSystemMilliSpeed·p0.50:   1570.767 ms/op
                 testSystemMilliSpeed·p0.90:   1779.224 ms/op
                 testSystemMilliSpeed·p0.95:   1786.354 ms/op
                 testSystemMilliSpeed·p0.99:   1788.871 ms/op
                 testSystemMilliSpeed·p0.999:  1788.871 ms/op
                 testSystemMilliSpeed·p0.9999: 1788.871 ms/op
                 testSystemMilliSpeed·p1.00:   1788.871 ms/op



Result "test.clock.SystemTime.testSystemMilliSpeed":
  N = 118
  mean =   1591.045 ±(99.9%) 31.015 ms/op

  Histogram, ms/op:
    [1500.000, 1550.000) = 52 
    [1550.000, 1600.000) = 49 
    [1600.000, 1650.000) = 0 
    [1650.000, 1700.000) = 1 
    [1700.000, 1750.000) = 1 
    [1750.000, 1800.000) = 7 
    [1800.000, 1850.000) = 0 
    [1850.000, 1900.000) = 5 
    [1900.000, 1950.000) = 3 

  Percentiles, ms/op:
      p(0.0000) =   1526.727 ms/op
     p(50.0000) =   1556.087 ms/op
     p(90.0000) =   1778.385 ms/op
     p(95.0000) =   1887.647 ms/op
     p(99.0000) =   1921.096 ms/op
     p(99.9000) =   1923.088 ms/op
     p(99.9900) =   1923.088 ms/op
     p(99.9990) =   1923.088 ms/op
     p(99.9999) =   1923.088 ms/op
    p(100.0000) =   1923.088 ms/op


# Run complete. Total time: 00:04:55

REMEMBER: The numbers below are just data. To gain reusable insights, you need to follow up on
why the numbers are the way they are. Use profilers (see -prof, -lprof), design factorial
experiments, perform baseline and negative tests that provide experimental control, make sure
the benchmarking environment is safe on JVM/OS/HW level, ask for reviews from the domain experts.
Do not assume the numbers tell you what you want them to tell.

Benchmark                                                       Mode   Cnt     Score    Error  Units
SystemTime.testBufferClock                                    sample  3922    50.972 ±  0.082  ms/op
SystemTime.testBufferClock:testBufferClock·p0.00              sample          41.878           ms/op
SystemTime.testBufferClock:testBufferClock·p0.50              sample          50.856           ms/op
SystemTime.testBufferClock:testBufferClock·p0.90              sample          50.921           ms/op
SystemTime.testBufferClock:testBufferClock·p0.95              sample          50.987           ms/op
SystemTime.testBufferClock:testBufferClock·p0.99              sample          54.183           ms/op
SystemTime.testBufferClock:testBufferClock·p0.999             sample          75.518           ms/op
SystemTime.testBufferClock:testBufferClock·p0.9999            sample          78.119           ms/op
SystemTime.testBufferClock:testBufferClock·p1.00              sample          78.119           ms/op
SystemTime.testSystemMilliSpeed                               sample   118  1591.045 ± 31.015  ms/op
SystemTime.testSystemMilliSpeed:testSystemMilliSpeed·p0.00    sample        1526.727           ms/op
SystemTime.testSystemMilliSpeed:testSystemMilliSpeed·p0.50    sample        1556.087           ms/op
SystemTime.testSystemMilliSpeed:testSystemMilliSpeed·p0.90    sample        1778.385           ms/op
SystemTime.testSystemMilliSpeed:testSystemMilliSpeed·p0.95    sample        1887.647           ms/op
SystemTime.testSystemMilliSpeed:testSystemMilliSpeed·p0.99    sample        1921.096           ms/op
SystemTime.testSystemMilliSpeed:testSystemMilliSpeed·p0.999   sample        1923.088           ms/op
SystemTime.testSystemMilliSpeed:testSystemMilliSpeed·p0.9999  sample        1923.088           ms/op
SystemTime.testSystemMilliSpeed:testSystemMilliSpeed·p1.00    sample        1923.088           ms/op

Benchmark result is saved to ./logs/linux_tsc_t8.json
