# JMH version: 1.26
# VM version: JDK 1.8.0_282, OpenJDK 64-Bit Server VM, 25.282-b08
# VM invoker: /usr/local/java/jdk8u282/bin/java
# VM options: -Xmx8G -Xms8G
# Warmup: 2 iterations, 10 s each
# Measurement: 1 iterations, 5 s each
# Timeout: 10 min per iteration
# Threads: 16 threads, will synchronize iterations
# Benchmark mode: Sampling time
# Benchmark: test.clock.SystemTime.testBufferClock

# Run progress: 0.00% complete, ETA 00:04:10
# Fork: 1 of 5
# Warmup Iteration   1: 103.281 ±(99.9%) 2.114 ms/op
# Warmup Iteration   2: 102.503 ±(99.9%) 2.090 ms/op
Iteration   1: 101.978 ±(99.9%) 2.479 ms/op
                 testBufferClock·p0.00:   50.790 ms/op
                 testBufferClock·p0.50:   101.843 ms/op
                 testBufferClock·p0.90:   126.747 ms/op
                 testBufferClock·p0.95:   136.525 ms/op
                 testBufferClock·p0.99:   157.732 ms/op
                 testBufferClock·p0.999:  168.821 ms/op
                 testBufferClock·p0.9999: 168.821 ms/op
                 testBufferClock·p1.00:   168.821 ms/op


# Run progress: 10.00% complete, ETA 00:03:53
# Fork: 2 of 5
# Warmup Iteration   1: 103.151 ±(99.9%) 2.209 ms/op
# Warmup Iteration   2: 101.957 ±(99.9%) 2.024 ms/op
Iteration   1: 101.853 ±(99.9%) 2.834 ms/op
                 testBufferClock·p0.00:   49.349 ms/op
                 testBufferClock·p0.50:   102.498 ms/op
                 testBufferClock·p0.90:   130.810 ms/op
                 testBufferClock·p0.95:   143.589 ms/op
                 testBufferClock·p0.99:   165.832 ms/op
                 testBufferClock·p0.999:  201.327 ms/op
                 testBufferClock·p0.9999: 201.327 ms/op
                 testBufferClock·p1.00:   201.327 ms/op


# Run progress: 20.00% complete, ETA 00:03:27
# Fork: 3 of 5
# Warmup Iteration   1: 103.245 ±(99.9%) 2.319 ms/op
# Warmup Iteration   2: 102.116 ±(99.9%) 1.849 ms/op
Iteration   1: 101.983 ±(99.9%) 2.858 ms/op
                 testBufferClock·p0.00:   50.725 ms/op
                 testBufferClock·p0.50:   101.646 ms/op
                 testBufferClock·p0.90:   131.688 ms/op
                 testBufferClock·p0.95:   145.752 ms/op
                 testBufferClock·p0.99:   167.119 ms/op
                 testBufferClock·p0.999:  182.977 ms/op
                 testBufferClock·p0.9999: 182.977 ms/op
                 testBufferClock·p1.00:   182.977 ms/op


# Run progress: 30.00% complete, ETA 00:03:01
# Fork: 4 of 5
# Warmup Iteration   1: 102.770 ±(99.9%) 2.153 ms/op
# Warmup Iteration   2: 101.701 ±(99.9%) 1.914 ms/op
Iteration   1: 101.721 ±(99.9%) 2.881 ms/op
                 testBufferClock·p0.00:   50.266 ms/op
                 testBufferClock·p0.50:   101.974 ms/op
                 testBufferClock·p0.90:   130.810 ms/op
                 testBufferClock·p0.95:   144.546 ms/op
                 testBufferClock·p0.99:   164.773 ms/op
                 testBufferClock·p0.999:  177.734 ms/op
                 testBufferClock·p0.9999: 177.734 ms/op
                 testBufferClock·p1.00:   177.734 ms/op


# Run progress: 40.00% complete, ETA 00:02:35
# Fork: 5 of 5
# Warmup Iteration   1: 103.208 ±(99.9%) 2.221 ms/op
# Warmup Iteration   2: 102.092 ±(99.9%) 1.869 ms/op
Iteration   1: 101.956 ±(99.9%) 2.963 ms/op
                 testBufferClock·p0.00:   46.596 ms/op
                 testBufferClock·p0.50:   102.760 ms/op
                 testBufferClock·p0.90:   132.134 ms/op
                 testBufferClock·p0.95:   143.878 ms/op
                 testBufferClock·p0.99:   165.240 ms/op
                 testBufferClock·p0.999:  181.142 ms/op
                 testBufferClock·p0.9999: 181.142 ms/op
                 testBufferClock·p1.00:   181.142 ms/op



Result "test.clock.SystemTime.testBufferClock":
  N = 3918
  mean =    101.898 ±(99.9%) 1.251 ms/op

  Histogram, ms/op:
    [  0.000,  25.000) = 0 
    [ 25.000,  50.000) = 3 
    [ 50.000,  75.000) = 436 
    [ 75.000, 100.000) = 1260 
    [100.000, 125.000) = 1702 
    [125.000, 150.000) = 398 
    [150.000, 175.000) = 107 
    [175.000, 200.000) = 11 
    [200.000, 225.000) = 1 
    [225.000, 250.000) = 0 
    [250.000, 275.000) = 0 

  Percentiles, ms/op:
      p(0.0000) =     46.596 ms/op
     p(50.0000) =    102.105 ms/op
     p(90.0000) =    130.312 ms/op
     p(95.0000) =    143.144 ms/op
     p(99.0000) =    164.314 ms/op
     p(99.9000) =    183.486 ms/op
     p(99.9900) =    201.327 ms/op
     p(99.9990) =    201.327 ms/op
     p(99.9999) =    201.327 ms/op
    p(100.0000) =    201.327 ms/op


# JMH version: 1.26
# VM version: JDK 1.8.0_282, OpenJDK 64-Bit Server VM, 25.282-b08
# VM invoker: /usr/local/java/jdk8u282/bin/java
# VM options: -Xmx8G -Xms8G
# Warmup: 2 iterations, 10 s each
# Measurement: 1 iterations, 5 s each
# Timeout: 10 min per iteration
# Threads: 16 threads, will synchronize iterations
# Benchmark mode: Sampling time
# Benchmark: test.clock.SystemTime.testSystemMilliSpeed

# Run progress: 50.00% complete, ETA 00:02:09
# Fork: 1 of 5
# Warmup Iteration   1: 3234.790 ±(99.9%) 382.752 ms/op
# Warmup Iteration   2: 3158.311 ±(99.9%) 61.636 ms/op
Iteration   1: 3087.995 ±(99.9%) 214.279 ms/op
                 testSystemMilliSpeed·p0.00:   2512.388 ms/op
                 testSystemMilliSpeed·p0.50:   3154.117 ms/op
                 testSystemMilliSpeed·p0.90:   3291.690 ms/op
                 testSystemMilliSpeed·p0.95:   3305.112 ms/op
                 testSystemMilliSpeed·p0.99:   3305.112 ms/op
                 testSystemMilliSpeed·p0.999:  3305.112 ms/op
                 testSystemMilliSpeed·p0.9999: 3305.112 ms/op
                 testSystemMilliSpeed·p1.00:   3305.112 ms/op


# Run progress: 60.00% complete, ETA 00:01:53
# Fork: 2 of 5
# Warmup Iteration   1: 3255.226 ±(99.9%) 327.375 ms/op
# Warmup Iteration   2: 3106.866 ±(99.9%) 41.384 ms/op
Iteration   1: 3103.785 ±(99.9%) 209.916 ms/op
                 testSystemMilliSpeed·p0.00:   2537.554 ms/op
                 testSystemMilliSpeed·p0.50:   3170.894 ms/op
                 testSystemMilliSpeed·p0.90:   3272.396 ms/op
                 testSystemMilliSpeed·p0.95:   3275.751 ms/op
                 testSystemMilliSpeed·p0.99:   3275.751 ms/op
                 testSystemMilliSpeed·p0.999:  3275.751 ms/op
                 testSystemMilliSpeed·p0.9999: 3275.751 ms/op
                 testSystemMilliSpeed·p1.00:   3275.751 ms/op


# Run progress: 70.00% complete, ETA 00:01:30
# Fork: 3 of 5
# Warmup Iteration   1: 3456.466 ±(99.9%) 642.490 ms/op
# Warmup Iteration   2: 3131.433 ±(99.9%) 23.617 ms/op
Iteration   1: 3132.652 ±(99.9%) 67.173 ms/op
                 testSystemMilliSpeed·p0.00:   2940.207 ms/op
                 testSystemMilliSpeed·p0.50:   3137.339 ms/op
                 testSystemMilliSpeed·p0.90:   3211.998 ms/op
                 testSystemMilliSpeed·p0.95:   3275.751 ms/op
                 testSystemMilliSpeed·p0.99:   3275.751 ms/op
                 testSystemMilliSpeed·p0.999:  3275.751 ms/op
                 testSystemMilliSpeed·p0.9999: 3275.751 ms/op
                 testSystemMilliSpeed·p1.00:   3275.751 ms/op


# Run progress: 80.00% complete, ETA 00:01:02
# Fork: 4 of 5
# Warmup Iteration   1: 3643.309 ±(99.9%) 319.335 ms/op
# Warmup Iteration   2: 3341.915 ±(99.9%) 334.348 ms/op
Iteration   1: 3069.490 ±(99.9%) 134.839 ms/op
                 testSystemMilliSpeed·p0.00:   2835.350 ms/op
                 testSystemMilliSpeed·p0.50:   3074.425 ms/op
                 testSystemMilliSpeed·p0.90:   3242.197 ms/op
                 testSystemMilliSpeed·p0.95:   3258.974 ms/op
                 testSystemMilliSpeed·p0.99:   3258.974 ms/op
                 testSystemMilliSpeed·p0.999:  3258.974 ms/op
                 testSystemMilliSpeed·p0.9999: 3258.974 ms/op
                 testSystemMilliSpeed·p1.00:   3258.974 ms/op


# Run progress: 90.00% complete, ETA 00:00:32
# Fork: 5 of 5
# Warmup Iteration   1: 3206.679 ±(99.9%) 231.401 ms/op
# Warmup Iteration   2: 3196.916 ±(99.9%) 73.513 ms/op
Iteration   1: 3132.158 ±(99.9%) 154.096 ms/op
                 testSystemMilliSpeed·p0.00:   2868.904 ms/op
                 testSystemMilliSpeed·p0.50:   3170.894 ms/op
                 testSystemMilliSpeed·p0.90:   3300.917 ms/op
                 testSystemMilliSpeed·p0.95:   3317.694 ms/op
                 testSystemMilliSpeed·p0.99:   3317.694 ms/op
                 testSystemMilliSpeed·p0.999:  3317.694 ms/op
                 testSystemMilliSpeed·p0.9999: 3317.694 ms/op
                 testSystemMilliSpeed·p1.00:   3317.694 ms/op



Result "test.clock.SystemTime.testSystemMilliSpeed":
  N = 85
  mean =   3105.216 ±(99.9%) 61.916 ms/op

  Histogram, ms/op:
    [2500.000, 2550.000) = 2 
    [2550.000, 2600.000) = 2 
    [2600.000, 2650.000) = 0 
    [2650.000, 2700.000) = 0 
    [2700.000, 2750.000) = 0 
    [2750.000, 2800.000) = 0 
    [2800.000, 2850.000) = 1 
    [2850.000, 2900.000) = 4 
    [2900.000, 2950.000) = 4 
    [2950.000, 3000.000) = 3 
    [3000.000, 3050.000) = 3 
    [3050.000, 3100.000) = 11 
    [3100.000, 3150.000) = 15 
    [3150.000, 3200.000) = 16 
    [3200.000, 3250.000) = 10 
    [3250.000, 3300.000) = 12 
    [3300.000, 3350.000) = 2 

  Percentiles, ms/op:
      p(0.0000) =   2512.388 ms/op
     p(50.0000) =   3145.728 ms/op
     p(90.0000) =   3271.557 ms/op
     p(95.0000) =   3285.818 ms/op
     p(99.0000) =   3317.694 ms/op
     p(99.9000) =   3317.694 ms/op
     p(99.9900) =   3317.694 ms/op
     p(99.9990) =   3317.694 ms/op
     p(99.9999) =   3317.694 ms/op
    p(100.0000) =   3317.694 ms/op


# Run complete. Total time: 00:05:35

REMEMBER: The numbers below are just data. To gain reusable insights, you need to follow up on
why the numbers are the way they are. Use profilers (see -prof, -lprof), design factorial
experiments, perform baseline and negative tests that provide experimental control, make sure
the benchmarking environment is safe on JVM/OS/HW level, ask for reviews from the domain experts.
Do not assume the numbers tell you what you want them to tell.

Benchmark                                                       Mode   Cnt     Score    Error  Units
SystemTime.testBufferClock                                    sample  3918   101.898 ±  1.251  ms/op
SystemTime.testBufferClock:testBufferClock·p0.00              sample          46.596           ms/op
SystemTime.testBufferClock:testBufferClock·p0.50              sample         102.105           ms/op
SystemTime.testBufferClock:testBufferClock·p0.90              sample         130.312           ms/op
SystemTime.testBufferClock:testBufferClock·p0.95              sample         143.144           ms/op
SystemTime.testBufferClock:testBufferClock·p0.99              sample         164.314           ms/op
SystemTime.testBufferClock:testBufferClock·p0.999             sample         183.486           ms/op
SystemTime.testBufferClock:testBufferClock·p0.9999            sample         201.327           ms/op
SystemTime.testBufferClock:testBufferClock·p1.00              sample         201.327           ms/op
SystemTime.testSystemMilliSpeed                               sample    85  3105.216 ± 61.916  ms/op
SystemTime.testSystemMilliSpeed:testSystemMilliSpeed·p0.00    sample        2512.388           ms/op
SystemTime.testSystemMilliSpeed:testSystemMilliSpeed·p0.50    sample        3145.728           ms/op
SystemTime.testSystemMilliSpeed:testSystemMilliSpeed·p0.90    sample        3271.557           ms/op
SystemTime.testSystemMilliSpeed:testSystemMilliSpeed·p0.95    sample        3285.818           ms/op
SystemTime.testSystemMilliSpeed:testSystemMilliSpeed·p0.99    sample        3317.694           ms/op
SystemTime.testSystemMilliSpeed:testSystemMilliSpeed·p0.999   sample        3317.694           ms/op
SystemTime.testSystemMilliSpeed:testSystemMilliSpeed·p0.9999  sample        3317.694           ms/op
SystemTime.testSystemMilliSpeed:testSystemMilliSpeed·p1.00    sample        3317.694           ms/op

Benchmark result is saved to ./logs/linux_tsc_t16.json
