# JMH version: 1.26
# VM version: JDK 1.8.0_282, OpenJDK 64-Bit Server VM, 25.282-b08
# VM invoker: /usr/local/java/jdk8u282/bin/java
# VM options: -Xmx8G -Xms8G
# Warmup: 2 iterations, 10 s each
# Measurement: 1 iterations, 5 s each
# Timeout: 10 min per iteration
# Threads: 1 thread, will synchronize iterations
# Benchmark mode: Sampling time
# Benchmark: test.clock.SystemTime.testBufferClock

# Run progress: 0.00% complete, ETA 00:04:10
# Fork: 1 of 5
# Warmup Iteration   1: 24.872 ±(99.9%) 0.234 ms/op
# Warmup Iteration   2: 24.762 ±(99.9%) 0.028 ms/op
Iteration   1: 24.752 ±(99.9%) 0.017 ms/op
                 testBufferClock·p0.00:   24.740 ms/op
                 testBufferClock·p0.50:   24.740 ms/op
                 testBufferClock·p0.90:   24.773 ms/op
                 testBufferClock·p0.95:   24.773 ms/op
                 testBufferClock·p0.99:   24.904 ms/op
                 testBufferClock·p0.999:  25.756 ms/op
                 testBufferClock·p0.9999: 25.756 ms/op
                 testBufferClock·p1.00:   25.756 ms/op


# Run progress: 10.00% complete, ETA 00:03:47
# Fork: 2 of 5
# Warmup Iteration   1: 24.911 ±(99.9%) 0.178 ms/op
# Warmup Iteration   2: 24.786 ±(99.9%) 0.028 ms/op
Iteration   1: 24.912 ±(99.9%) 0.307 ms/op
                 testBufferClock·p0.00:   24.740 ms/op
                 testBufferClock·p0.50:   24.773 ms/op
                 testBufferClock·p0.90:   24.838 ms/op
                 testBufferClock·p0.95:   24.900 ms/op
                 testBufferClock·p0.99:   37.364 ms/op
                 testBufferClock·p0.999:  38.142 ms/op
                 testBufferClock·p0.9999: 38.142 ms/op
                 testBufferClock·p1.00:   38.142 ms/op


# Run progress: 20.00% complete, ETA 00:03:22
# Fork: 3 of 5
# Warmup Iteration   1: 24.904 ±(99.9%) 0.236 ms/op
# Warmup Iteration   2: 24.865 ±(99.9%) 0.088 ms/op
Iteration   1: 24.869 ±(99.9%) 0.045 ms/op
                 testBufferClock·p0.00:   24.740 ms/op
                 testBufferClock·p0.50:   24.871 ms/op
                 testBufferClock·p0.90:   24.871 ms/op
                 testBufferClock·p0.95:   24.904 ms/op
                 testBufferClock·p0.99:   25.033 ms/op
                 testBufferClock·p0.999:  27.492 ms/op
                 testBufferClock·p0.9999: 27.492 ms/op
                 testBufferClock·p1.00:   27.492 ms/op


# Run progress: 30.00% complete, ETA 00:02:56
# Fork: 4 of 5
# Warmup Iteration   1: 24.858 ±(99.9%) 0.148 ms/op
# Warmup Iteration   2: 24.753 ±(99.9%) 0.004 ms/op
Iteration   1: 24.759 ±(99.9%) 0.011 ms/op
                 testBufferClock·p0.00:   24.740 ms/op
                 testBufferClock·p0.50:   24.740 ms/op
                 testBufferClock·p0.90:   24.773 ms/op
                 testBufferClock·p0.95:   24.805 ms/op
                 testBufferClock·p0.99:   25.032 ms/op
                 testBufferClock·p0.999:  25.231 ms/op
                 testBufferClock·p0.9999: 25.231 ms/op
                 testBufferClock·p1.00:   25.231 ms/op


# Run progress: 40.00% complete, ETA 00:02:31
# Fork: 5 of 5
# Warmup Iteration   1: 24.873 ±(99.9%) 0.234 ms/op
# Warmup Iteration   2: 24.774 ±(99.9%) 0.008 ms/op
Iteration   1: 24.774 ±(99.9%) 0.013 ms/op
                 testBufferClock·p0.00:   24.740 ms/op
                 testBufferClock·p0.50:   24.773 ms/op
                 testBufferClock·p0.90:   24.773 ms/op
                 testBufferClock·p0.95:   24.805 ms/op
                 testBufferClock·p0.99:   24.935 ms/op
                 testBufferClock·p0.999:  25.494 ms/op
                 testBufferClock·p0.9999: 25.494 ms/op
                 testBufferClock·p1.00:   25.494 ms/op



Result "test.clock.SystemTime.testBufferClock":
  N = 1008
  mean =     24.813 ±(99.9%) 0.062 ms/op

  Histogram, ms/op:
    [20.000, 21.250) = 0 
    [21.250, 22.500) = 0 
    [22.500, 23.750) = 0 
    [23.750, 25.000) = 1000 
    [25.000, 26.250) = 5 
    [26.250, 27.500) = 1 
    [27.500, 28.750) = 0 
    [28.750, 30.000) = 0 
    [30.000, 31.250) = 0 
    [31.250, 32.500) = 0 
    [32.500, 33.750) = 0 
    [33.750, 35.000) = 0 
    [35.000, 36.250) = 0 
    [36.250, 37.500) = 0 
    [37.500, 38.750) = 2 

  Percentiles, ms/op:
      p(0.0000) =     24.740 ms/op
     p(50.0000) =     24.773 ms/op
     p(90.0000) =     24.871 ms/op
     p(95.0000) =     24.871 ms/op
     p(99.0000) =     24.936 ms/op
     p(99.9000) =     38.137 ms/op
     p(99.9900) =     38.142 ms/op
     p(99.9990) =     38.142 ms/op
     p(99.9999) =     38.142 ms/op
    p(100.0000) =     38.142 ms/op


# JMH version: 1.26
# VM version: JDK 1.8.0_282, OpenJDK 64-Bit Server VM, 25.282-b08
# VM invoker: /usr/local/java/jdk8u282/bin/java
# VM options: -Xmx8G -Xms8G
# Warmup: 2 iterations, 10 s each
# Measurement: 1 iterations, 5 s each
# Timeout: 10 min per iteration
# Threads: 1 thread, will synchronize iterations
# Benchmark mode: Sampling time
# Benchmark: test.clock.SystemTime.testSystemMilliSpeed

# Run progress: 50.00% complete, ETA 00:02:06
# Fork: 1 of 5
# Warmup Iteration   1: 1310.982 ±(99.9%) 16.101 ms/op
# Warmup Iteration   2: 1306.526 ±(99.9%) 0.001 ms/op
Iteration   1: 1306.526 ±(99.9%) 0.001 ms/op
                 testSystemMilliSpeed·p0.00:   1306.526 ms/op
                 testSystemMilliSpeed·p0.50:   1306.526 ms/op
                 testSystemMilliSpeed·p0.90:   1306.526 ms/op
                 testSystemMilliSpeed·p0.95:   1306.526 ms/op
                 testSystemMilliSpeed·p0.99:   1306.526 ms/op
                 testSystemMilliSpeed·p0.999:  1306.526 ms/op
                 testSystemMilliSpeed·p0.9999: 1306.526 ms/op
                 testSystemMilliSpeed·p1.00:   1306.526 ms/op


# Run progress: 60.00% complete, ETA 00:01:41
# Fork: 2 of 5
# Warmup Iteration   1: 1313.604 ±(99.9%) 15.297 ms/op
# Warmup Iteration   2: 1309.671 ±(99.9%) 2.143 ms/op
Iteration   1: 1309.671 ±(99.9%) 7.824 ms/op
                 testSystemMilliSpeed·p0.00:   1308.623 ms/op
                 testSystemMilliSpeed·p0.50:   1309.671 ms/op
                 testSystemMilliSpeed·p0.90:   1310.720 ms/op
                 testSystemMilliSpeed·p0.95:   1310.720 ms/op
                 testSystemMilliSpeed·p0.99:   1310.720 ms/op
                 testSystemMilliSpeed·p0.999:  1310.720 ms/op
                 testSystemMilliSpeed·p0.9999: 1310.720 ms/op
                 testSystemMilliSpeed·p1.00:   1310.720 ms/op


# Run progress: 70.00% complete, ETA 00:01:16
# Fork: 3 of 5
# Warmup Iteration   1: 1311.244 ±(99.9%) 16.842 ms/op
# Warmup Iteration   2: 1306.788 ±(99.9%) 1.418 ms/op
Iteration   1: 1306.526 ±(99.9%) 0.001 ms/op
                 testSystemMilliSpeed·p0.00:   1306.526 ms/op
                 testSystemMilliSpeed·p0.50:   1306.526 ms/op
                 testSystemMilliSpeed·p0.90:   1306.526 ms/op
                 testSystemMilliSpeed·p0.95:   1306.526 ms/op
                 testSystemMilliSpeed·p0.99:   1306.526 ms/op
                 testSystemMilliSpeed·p0.999:  1306.526 ms/op
                 testSystemMilliSpeed·p0.9999: 1306.526 ms/op
                 testSystemMilliSpeed·p1.00:   1306.526 ms/op


# Run progress: 80.00% complete, ETA 00:00:51
# Fork: 4 of 5
# Warmup Iteration   1: 1311.769 ±(99.9%) 18.561 ms/op
# Warmup Iteration   2: 1306.526 ±(99.9%) 0.001 ms/op
Iteration   1: 1306.526 ±(99.9%) 0.001 ms/op
                 testSystemMilliSpeed·p0.00:   1306.526 ms/op
                 testSystemMilliSpeed·p0.50:   1306.526 ms/op
                 testSystemMilliSpeed·p0.90:   1306.526 ms/op
                 testSystemMilliSpeed·p0.95:   1306.526 ms/op
                 testSystemMilliSpeed·p0.99:   1306.526 ms/op
                 testSystemMilliSpeed·p0.999:  1306.526 ms/op
                 testSystemMilliSpeed·p0.9999: 1306.526 ms/op
                 testSystemMilliSpeed·p1.00:   1306.526 ms/op


# Run progress: 90.00% complete, ETA 00:00:25
# Fork: 5 of 5
# Warmup Iteration   1: 1311.506 ±(99.9%) 17.666 ms/op
# Warmup Iteration   2: 1306.526 ±(99.9%) 0.001 ms/op
Iteration   1: 1306.526 ±(99.9%) 0.001 ms/op
                 testSystemMilliSpeed·p0.00:   1306.526 ms/op
                 testSystemMilliSpeed·p0.50:   1306.526 ms/op
                 testSystemMilliSpeed·p0.90:   1306.526 ms/op
                 testSystemMilliSpeed·p0.95:   1306.526 ms/op
                 testSystemMilliSpeed·p0.99:   1306.526 ms/op
                 testSystemMilliSpeed·p0.999:  1306.526 ms/op
                 testSystemMilliSpeed·p0.9999: 1306.526 ms/op
                 testSystemMilliSpeed·p1.00:   1306.526 ms/op



Result "test.clock.SystemTime.testSystemMilliSpeed":
  N = 20
  mean =   1307.155 ±(99.9%) 1.196 ms/op

  Histogram, ms/op:
    [1306.000, 1306.500) = 0 
    [1306.500, 1307.000) = 16 
    [1307.000, 1307.500) = 0 
    [1307.500, 1308.000) = 0 
    [1308.000, 1308.500) = 0 
    [1308.500, 1309.000) = 2 
    [1309.000, 1309.500) = 0 
    [1309.500, 1310.000) = 0 
    [1310.000, 1310.500) = 0 

  Percentiles, ms/op:
      p(0.0000) =   1306.526 ms/op
     p(50.0000) =   1306.526 ms/op
     p(90.0000) =   1310.510 ms/op
     p(95.0000) =   1310.720 ms/op
     p(99.0000) =   1310.720 ms/op
     p(99.9000) =   1310.720 ms/op
     p(99.9900) =   1310.720 ms/op
     p(99.9990) =   1310.720 ms/op
     p(99.9999) =   1310.720 ms/op
    p(100.0000) =   1310.720 ms/op


# Run complete. Total time: 00:04:18

REMEMBER: The numbers below are just data. To gain reusable insights, you need to follow up on
why the numbers are the way they are. Use profilers (see -prof, -lprof), design factorial
experiments, perform baseline and negative tests that provide experimental control, make sure
the benchmarking environment is safe on JVM/OS/HW level, ask for reviews from the domain experts.
Do not assume the numbers tell you what you want them to tell.

Benchmark                                                       Mode   Cnt     Score   Error  Units
SystemTime.testBufferClock                                    sample  1008    24.813 ± 0.062  ms/op
SystemTime.testBufferClock:testBufferClock·p0.00              sample          24.740          ms/op
SystemTime.testBufferClock:testBufferClock·p0.50              sample          24.773          ms/op
SystemTime.testBufferClock:testBufferClock·p0.90              sample          24.871          ms/op
SystemTime.testBufferClock:testBufferClock·p0.95              sample          24.871          ms/op
SystemTime.testBufferClock:testBufferClock·p0.99              sample          24.936          ms/op
SystemTime.testBufferClock:testBufferClock·p0.999             sample          38.137          ms/op
SystemTime.testBufferClock:testBufferClock·p0.9999            sample          38.142          ms/op
SystemTime.testBufferClock:testBufferClock·p1.00              sample          38.142          ms/op
SystemTime.testSystemMilliSpeed                               sample    20  1307.155 ± 1.196  ms/op
SystemTime.testSystemMilliSpeed:testSystemMilliSpeed·p0.00    sample        1306.526          ms/op
SystemTime.testSystemMilliSpeed:testSystemMilliSpeed·p0.50    sample        1306.526          ms/op
SystemTime.testSystemMilliSpeed:testSystemMilliSpeed·p0.90    sample        1310.510          ms/op
SystemTime.testSystemMilliSpeed:testSystemMilliSpeed·p0.95    sample        1310.720          ms/op
SystemTime.testSystemMilliSpeed:testSystemMilliSpeed·p0.99    sample        1310.720          ms/op
SystemTime.testSystemMilliSpeed:testSystemMilliSpeed·p0.999   sample        1310.720          ms/op
SystemTime.testSystemMilliSpeed:testSystemMilliSpeed·p0.9999  sample        1310.720          ms/op
SystemTime.testSystemMilliSpeed:testSystemMilliSpeed·p1.00    sample        1310.720          ms/op

Benchmark result is saved to ./logs/linux_tsc_t1.json
