# JMH version: 1.26
# VM version: JDK 1.8.0_282, OpenJDK 64-Bit Server VM, 25.282-b08
# VM invoker: C:\Users\Administrator\Desktop\java\jdk8u282-b08-jre\bin\java.exe
# VM options: -Xmx6G -Xms6G
# Warmup: 2 iterations, 10 s each
# Measurement: 1 iterations, 5 s each
# Timeout: 10 min per iteration
# Threads: 32 threads, will synchronize iterations
# Benchmark mode: Sampling time
# Benchmark: test.clock.SystemTime.testBufferClock

# Run progress: 0.00% complete, ETA 00:04:10
# Fork: 1 of 5
# Warmup Iteration   1: 209.999 ±(99.9%) 25.515 ms/op
# Warmup Iteration   2: 202.284 ±(99.9%) 20.841 ms/op
Iteration   1: 198.224 ±(99.9%) 27.912 ms/op
                 testBufferClock·p0.00:   49.676 ms/op
                 testBufferClock·p0.50:   50.790 ms/op
                 testBufferClock·p0.90:   687.132 ms/op
                 testBufferClock·p0.95:   732.955 ms/op
                 testBufferClock·p0.99:   763.363 ms/op
                 testBufferClock·p0.999:  809.501 ms/op
                 testBufferClock·p0.9999: 809.501 ms/op
                 testBufferClock·p1.00:   809.501 ms/op


# Run progress: 10.00% complete, ETA 00:04:58
# Fork: 2 of 5
# Warmup Iteration   1: 214.113 ±(99.9%) 26.018 ms/op
# Warmup Iteration   2: 210.089 ±(99.9%) 22.377 ms/op
Iteration   1: 212.193 ±(99.9%) 29.256 ms/op
                 testBufferClock·p0.00:   49.742 ms/op
                 testBufferClock·p0.50:   53.608 ms/op
                 testBufferClock·p0.90:   649.069 ms/op
                 testBufferClock·p0.95:   702.336 ms/op
                 testBufferClock·p0.99:   782.521 ms/op
                 testBufferClock·p0.999:  802.161 ms/op
                 testBufferClock·p0.9999: 802.161 ms/op
                 testBufferClock·p1.00:   802.161 ms/op


# Run progress: 20.00% complete, ETA 00:04:16
# Fork: 3 of 5
# Warmup Iteration   1: 217.752 ±(99.9%) 26.357 ms/op
# Warmup Iteration   2: 211.475 ±(99.9%) 22.170 ms/op
Iteration   1: 210.567 ±(99.9%) 30.339 ms/op
                 testBufferClock·p0.00:   50.004 ms/op
                 testBufferClock·p0.50:   53.674 ms/op
                 testBufferClock·p0.90:   648.859 ms/op
                 testBufferClock·p0.95:   658.506 ms/op
                 testBufferClock·p0.99:   836.344 ms/op
                 testBufferClock·p0.999:  1480.589 ms/op
                 testBufferClock·p0.9999: 1480.589 ms/op
                 testBufferClock·p1.00:   1480.589 ms/op


# Run progress: 30.00% complete, ETA 00:03:42
# Fork: 4 of 5
# Warmup Iteration   1: 218.964 ±(99.9%) 26.910 ms/op
# Warmup Iteration   2: 204.139 ±(99.9%) 21.439 ms/op
Iteration   1: 204.356 ±(99.9%) 28.488 ms/op
                 testBufferClock·p0.00:   47.514 ms/op
                 testBufferClock·p0.50:   50.790 ms/op
                 testBufferClock·p0.90:   660.603 ms/op
                 testBufferClock·p0.95:   674.706 ms/op
                 testBufferClock·p0.99:   709.141 ms/op
                 testBufferClock·p0.999:  723.517 ms/op
                 testBufferClock·p0.9999: 723.517 ms/op
                 testBufferClock·p1.00:   723.517 ms/op


# Run progress: 40.00% complete, ETA 00:03:10
# Fork: 5 of 5
# Warmup Iteration   1: 219.937 ±(99.9%) 26.133 ms/op
# Warmup Iteration   2: 210.691 ±(99.9%) 22.967 ms/op
Iteration   1: 207.935 ±(99.9%) 29.641 ms/op
                 testBufferClock·p0.00:   49.152 ms/op
                 testBufferClock·p0.50:   53.740 ms/op
                 testBufferClock·p0.90:   653.263 ms/op
                 testBufferClock·p0.95:   681.994 ms/op
                 testBufferClock·p0.99:   834.666 ms/op
                 testBufferClock·p0.999:  1098.908 ms/op
                 testBufferClock·p0.9999: 1098.908 ms/op
                 testBufferClock·p1.00:   1098.908 ms/op



Result "test.clock.SystemTime.testBufferClock":
  N = 4382
  mean =    206.593 ±(99.9%) 12.982 ms/op

  Histogram, ms/op:
    [   0.000,  125.000) = 3207 
    [ 125.000,  250.000) = 17 
    [ 250.000,  375.000) = 11 
    [ 375.000,  500.000) = 72 
    [ 500.000,  625.000) = 365 
    [ 625.000,  750.000) = 626 
    [ 750.000,  875.000) = 73 
    [ 875.000, 1000.000) = 1 
    [1000.000, 1125.000) = 8 
    [1125.000, 1250.000) = 1 
    [1250.000, 1375.000) = 0 
    [1375.000, 1500.000) = 1 
    [1500.000, 1625.000) = 0 
    [1625.000, 1750.000) = 0 
    [1750.000, 1875.000) = 0 

  Percentiles, ms/op:
      p(0.0000) =     47.514 ms/op
     p(50.0000) =     52.691 ms/op
     p(90.0000) =    653.263 ms/op
     p(95.0000) =    688.914 ms/op
     p(99.0000) =    789.934 ms/op
     p(99.9000) =   1107.787 ms/op
     p(99.9900) =   1480.589 ms/op
     p(99.9990) =   1480.589 ms/op
     p(99.9999) =   1480.589 ms/op
    p(100.0000) =   1480.589 ms/op


# JMH version: 1.26
# VM version: JDK 1.8.0_282, OpenJDK 64-Bit Server VM, 25.282-b08
# VM invoker: C:\Users\Administrator\Desktop\java\jdk8u282-b08-jre\bin\java.exe
# VM options: -Xmx6G -Xms6G
# Warmup: 2 iterations, 10 s each
# Measurement: 1 iterations, 5 s each
# Timeout: 10 min per iteration
# Threads: 32 threads, will synchronize iterations
# Benchmark mode: Sampling time
# Benchmark: test.clock.SystemTime.testSystemMilliSpeed

# Run progress: 50.00% complete, ETA 00:02:38
# Fork: 1 of 5
# Warmup Iteration   1: 1495.467 ±(99.9%) 141.892 ms/op
# Warmup Iteration   2: 1415.313 ±(99.9%) 74.529 ms/op
Iteration   1: 1583.452 ±(99.9%) 174.038 ms/op
                 testSystemMilliSpeed·p0.00:   348.652 ms/op
                 testSystemMilliSpeed·p0.50:   1522.532 ms/op
                 testSystemMilliSpeed·p0.90:   2466.670 ms/op
                 testSystemMilliSpeed·p0.95:   2523.084 ms/op
                 testSystemMilliSpeed·p0.99:   2663.383 ms/op
                 testSystemMilliSpeed·p0.999:  2663.383 ms/op
                 testSystemMilliSpeed·p0.9999: 2663.383 ms/op
                 testSystemMilliSpeed·p1.00:   2663.383 ms/op


# Run progress: 60.00% complete, ETA 00:02:09
# Fork: 2 of 5
# Warmup Iteration   1: 1243.543 ±(99.9%) 110.787 ms/op
# Warmup Iteration   2: 1142.451 ±(99.9%) 61.240 ms/op
Iteration   1: 1162.781 ±(99.9%) 86.703 ms/op
                 testSystemMilliSpeed·p0.00:   683.672 ms/op
                 testSystemMilliSpeed·p0.50:   1253.048 ms/op
                 testSystemMilliSpeed·p0.90:   1627.390 ms/op
                 testSystemMilliSpeed·p0.95:   1631.584 ms/op
                 testSystemMilliSpeed·p0.99:   1803.047 ms/op
                 testSystemMilliSpeed·p0.999:  1811.939 ms/op
                 testSystemMilliSpeed·p0.9999: 1811.939 ms/op
                 testSystemMilliSpeed·p1.00:   1811.939 ms/op


# Run progress: 70.00% complete, ETA 00:01:38
# Fork: 3 of 5
# Warmup Iteration   1: 1242.055 ±(99.9%) 124.035 ms/op
# Warmup Iteration   2: 1163.977 ±(99.9%) 68.540 ms/op
Iteration   1: 1124.886 ±(99.9%) 85.576 ms/op
                 testSystemMilliSpeed·p0.00:   292.553 ms/op
                 testSystemMilliSpeed·p0.50:   1054.867 ms/op
                 testSystemMilliSpeed·p0.90:   1541.407 ms/op
                 testSystemMilliSpeed·p0.95:   1635.779 ms/op
                 testSystemMilliSpeed·p0.99:   1783.628 ms/op
                 testSystemMilliSpeed·p0.999:  1920.991 ms/op
                 testSystemMilliSpeed·p0.9999: 1920.991 ms/op
                 testSystemMilliSpeed·p1.00:   1920.991 ms/op


# Run progress: 80.00% complete, ETA 00:01:05
# Fork: 4 of 5
# Warmup Iteration   1: 1293.665 ±(99.9%) 97.374 ms/op
# Warmup Iteration   2: 1259.465 ±(99.9%) 59.649 ms/op
Iteration   1: 1227.653 ±(99.9%) 80.302 ms/op
                 testSystemMilliSpeed·p0.00:   694.157 ms/op
                 testSystemMilliSpeed·p0.50:   1449.132 ms/op
                 testSystemMilliSpeed·p0.90:   1478.492 ms/op
                 testSystemMilliSpeed·p0.95:   1486.776 ms/op
                 testSystemMilliSpeed·p0.99:   1805.858 ms/op
                 testSystemMilliSpeed·p0.999:  2048.918 ms/op
                 testSystemMilliSpeed·p0.9999: 2048.918 ms/op
                 testSystemMilliSpeed·p1.00:   2048.918 ms/op


# Run progress: 90.00% complete, ETA 00:00:33
# Fork: 5 of 5
# Warmup Iteration   1: 1244.290 ±(99.9%) 112.695 ms/op
# Warmup Iteration   2: 1169.188 ±(99.9%) 68.982 ms/op
Iteration   1: 1205.987 ±(99.9%) 84.333 ms/op
                 testSystemMilliSpeed·p0.00:   746.586 ms/op
                 testSystemMilliSpeed·p0.50:   1317.011 ms/op
                 testSystemMilliSpeed·p0.90:   1613.968 ms/op
                 testSystemMilliSpeed·p0.95:   1632.423 ms/op
                 testSystemMilliSpeed·p0.99:   1652.136 ms/op
                 testSystemMilliSpeed·p0.999:  1663.042 ms/op
                 testSystemMilliSpeed·p0.9999: 1663.042 ms/op
                 testSystemMilliSpeed·p1.00:   1663.042 ms/op



Result "test.clock.SystemTime.testSystemMilliSpeed":
  N = 740
  mean =   1250.758 ±(99.9%) 48.943 ms/op

  Histogram, ms/op:
    [   0.000,  250.000) = 0 
    [ 250.000,  500.000) = 6 
    [ 500.000,  750.000) = 48 
    [ 750.000, 1000.000) = 217 
    [1000.000, 1250.000) = 60 
    [1250.000, 1500.000) = 230 
    [1500.000, 1750.000) = 126 
    [1750.000, 2000.000) = 20 
    [2000.000, 2250.000) = 12 
    [2250.000, 2500.000) = 14 
    [2500.000, 2750.000) = 7 

  Percentiles, ms/op:
      p(0.0000) =    292.553 ms/op
     p(50.0000) =   1270.874 ms/op
     p(90.0000) =   1635.779 ms/op
     p(95.0000) =   1931.162 ms/op
     p(99.0000) =   2505.300 ms/op
     p(99.9000) =   2663.383 ms/op
     p(99.9900) =   2663.383 ms/op
     p(99.9990) =   2663.383 ms/op
     p(99.9999) =   2663.383 ms/op
    p(100.0000) =   2663.383 ms/op


# Run complete. Total time: 00:05:33

REMEMBER: The numbers below are just data. To gain reusable insights, you need to follow up on
why the numbers are the way they are. Use profilers (see -prof, -lprof), design factorial
experiments, perform baseline and negative tests that provide experimental control, make sure
the benchmarking environment is safe on JVM/OS/HW level, ask for reviews from the domain experts.
Do not assume the numbers tell you what you want them to tell.

Benchmark                                                       Mode   Cnt     Score    Error  Units
SystemTime.testBufferClock                                    sample  4382   206.593 ± 12.982  ms/op
SystemTime.testBufferClock:testBufferClock·p0.00              sample          47.514           ms/op
SystemTime.testBufferClock:testBufferClock·p0.50              sample          52.691           ms/op
SystemTime.testBufferClock:testBufferClock·p0.90              sample         653.263           ms/op
SystemTime.testBufferClock:testBufferClock·p0.95              sample         688.914           ms/op
SystemTime.testBufferClock:testBufferClock·p0.99              sample         789.934           ms/op
SystemTime.testBufferClock:testBufferClock·p0.999             sample        1107.787           ms/op
SystemTime.testBufferClock:testBufferClock·p0.9999            sample        1480.589           ms/op
SystemTime.testBufferClock:testBufferClock·p1.00              sample        1480.589           ms/op
SystemTime.testSystemMilliSpeed                               sample   740  1250.758 ± 48.943  ms/op
SystemTime.testSystemMilliSpeed:testSystemMilliSpeed·p0.00    sample         292.553           ms/op
SystemTime.testSystemMilliSpeed:testSystemMilliSpeed·p0.50    sample        1270.874           ms/op
SystemTime.testSystemMilliSpeed:testSystemMilliSpeed·p0.90    sample        1635.779           ms/op
SystemTime.testSystemMilliSpeed:testSystemMilliSpeed·p0.95    sample        1931.162           ms/op
SystemTime.testSystemMilliSpeed:testSystemMilliSpeed·p0.99    sample        2505.300           ms/op
SystemTime.testSystemMilliSpeed:testSystemMilliSpeed·p0.999   sample        2663.383           ms/op
SystemTime.testSystemMilliSpeed:testSystemMilliSpeed·p0.9999  sample        2663.383           ms/op
SystemTime.testSystemMilliSpeed:testSystemMilliSpeed·p1.00    sample        2663.383           ms/op

Benchmark result is saved to .\logs\windows_t32.json
