# JMH version: 1.26
# VM version: JDK 1.8.0_282, OpenJDK 64-Bit Server VM, 25.282-b08
# VM invoker: C:\Users\Administrator\Desktop\java\jdk8u282-b08-jre\bin\java.exe
# VM options: -Xmx6G -Xms6G
# Warmup: 2 iterations, 10 s each
# Measurement: 1 iterations, 5 s each
# Timeout: 10 min per iteration
# Threads: 8 threads, will synchronize iterations
# Benchmark mode: Sampling time
# Benchmark: test.clock.SystemTime.testBufferClock

# Run progress: 0.00% complete, ETA 00:04:10
# Fork: 1 of 5
# Warmup Iteration   1: 54.111 ±(99.9%) 0.584 ms/op
# Warmup Iteration   2: 53.438 ±(99.9%) 0.372 ms/op
Iteration   1: 53.047 ±(99.9%) 0.304 ms/op
                 testBufferClock·p0.00:   49.807 ms/op
                 testBufferClock·p0.50:   52.167 ms/op
                 testBufferClock·p0.90:   56.793 ms/op
                 testBufferClock·p0.95:   57.999 ms/op
                 testBufferClock·p0.99:   61.845 ms/op
                 testBufferClock·p0.999:  72.876 ms/op
                 testBufferClock·p0.9999: 72.876 ms/op
                 testBufferClock·p1.00:   72.876 ms/op


# Run progress: 10.00% complete, ETA 00:03:53
# Fork: 2 of 5
# Warmup Iteration   1: 53.832 ±(99.9%) 0.552 ms/op
# Warmup Iteration   2: 53.175 ±(99.9%) 0.307 ms/op
Iteration   1: 53.158 ±(99.9%) 0.348 ms/op
                 testBufferClock·p0.00:   45.023 ms/op
                 testBufferClock·p0.50:   52.330 ms/op
                 testBufferClock·p0.90:   56.885 ms/op
                 testBufferClock·p0.95:   58.065 ms/op
                 testBufferClock·p0.99:   63.170 ms/op
                 testBufferClock·p0.999:  86.114 ms/op
                 testBufferClock·p0.9999: 86.114 ms/op
                 testBufferClock·p1.00:   86.114 ms/op


# Run progress: 20.00% complete, ETA 00:03:27
# Fork: 3 of 5
# Warmup Iteration   1: 53.696 ±(99.9%) 0.546 ms/op
# Warmup Iteration   2: 53.344 ±(99.9%) 0.359 ms/op
Iteration   1: 53.009 ±(99.9%) 0.363 ms/op
                 testBufferClock·p0.00:   49.938 ms/op
                 testBufferClock·p0.50:   52.167 ms/op
                 testBufferClock·p0.90:   56.426 ms/op
                 testBufferClock·p0.95:   57.767 ms/op
                 testBufferClock·p0.99:   62.035 ms/op
                 testBufferClock·p0.999:  104.202 ms/op
                 testBufferClock·p0.9999: 104.202 ms/op
                 testBufferClock·p1.00:   104.202 ms/op


# Run progress: 30.00% complete, ETA 00:03:01
# Fork: 4 of 5
# Warmup Iteration   1: 53.706 ±(99.9%) 0.576 ms/op
# Warmup Iteration   2: 53.146 ±(99.9%) 0.382 ms/op
Iteration   1: 52.930 ±(99.9%) 0.295 ms/op
                 testBufferClock·p0.00:   49.021 ms/op
                 testBufferClock·p0.50:   52.101 ms/op
                 testBufferClock·p0.90:   56.689 ms/op
                 testBufferClock·p0.95:   57.639 ms/op
                 testBufferClock·p0.99:   61.584 ms/op
                 testBufferClock·p0.999:  70.386 ms/op
                 testBufferClock·p0.9999: 70.386 ms/op
                 testBufferClock·p1.00:   70.386 ms/op


# Run progress: 40.00% complete, ETA 00:02:35
# Fork: 5 of 5
# Warmup Iteration   1: 53.697 ±(99.9%) 0.592 ms/op
# Warmup Iteration   2: 52.983 ±(99.9%) 0.266 ms/op
Iteration   1: 52.155 ±(99.9%) 0.509 ms/op
                 testBufferClock·p0.00:   45.810 ms/op
                 testBufferClock·p0.50:   50.987 ms/op
                 testBufferClock·p0.90:   54.657 ms/op
                 testBufferClock·p0.95:   56.754 ms/op
                 testBufferClock·p0.99:   63.884 ms/op
                 testBufferClock·p0.999:  101.974 ms/op
                 testBufferClock·p0.9999: 101.974 ms/op
                 testBufferClock·p1.00:   101.974 ms/op



Result "test.clock.SystemTime.testBufferClock":
  N = 3815
  mean =     52.858 ±(99.9%) 0.167 ms/op

  Histogram, ms/op:
    [ 40.000,  45.000) = 0 
    [ 45.000,  50.000) = 25 
    [ 50.000,  55.000) = 3183 
    [ 55.000,  60.000) = 548 
    [ 60.000,  65.000) = 41 
    [ 65.000,  70.000) = 5 
    [ 70.000,  75.000) = 5 
    [ 75.000,  80.000) = 0 
    [ 80.000,  85.000) = 0 
    [ 85.000,  90.000) = 1 
    [ 90.000,  95.000) = 5 
    [ 95.000, 100.000) = 0 
    [100.000, 105.000) = 2 

  Percentiles, ms/op:
      p(0.0000) =     45.023 ms/op
     p(50.0000) =     51.970 ms/op
     p(90.0000) =     56.426 ms/op
     p(95.0000) =     57.737 ms/op
     p(99.0000) =     62.052 ms/op
     p(99.9000) =     94.051 ms/op
     p(99.9900) =    104.202 ms/op
     p(99.9990) =    104.202 ms/op
     p(99.9999) =    104.202 ms/op
    p(100.0000) =    104.202 ms/op


# JMH version: 1.26
# VM version: JDK 1.8.0_282, OpenJDK 64-Bit Server VM, 25.282-b08
# VM invoker: C:\Users\Administrator\Desktop\java\jdk8u282-b08-jre\bin\java.exe
# VM options: -Xmx6G -Xms6G
# Warmup: 2 iterations, 10 s each
# Measurement: 1 iterations, 5 s each
# Timeout: 10 min per iteration
# Threads: 8 threads, will synchronize iterations
# Benchmark mode: Sampling time
# Benchmark: test.clock.SystemTime.testSystemMilliSpeed

# Run progress: 50.00% complete, ETA 00:02:09
# Fork: 1 of 5
# Warmup Iteration   1: 294.822 ±(99.9%) 1.899 ms/op
# Warmup Iteration   2: 292.593 ±(99.9%) 1.008 ms/op
Iteration   1: 293.418 ±(99.9%) 2.524 ms/op
                 testSystemMilliSpeed·p0.00:   286.261 ms/op
                 testSystemMilliSpeed·p0.50:   292.028 ms/op
                 testSystemMilliSpeed·p0.90:   298.320 ms/op
                 testSystemMilliSpeed·p0.95:   300.941 ms/op
                 testSystemMilliSpeed·p0.99:   359.945 ms/op
                 testSystemMilliSpeed·p0.999:  373.293 ms/op
                 testSystemMilliSpeed·p0.9999: 373.293 ms/op
                 testSystemMilliSpeed·p1.00:   373.293 ms/op


# Run progress: 60.00% complete, ETA 00:01:44
# Fork: 2 of 5
# Warmup Iteration   1: 294.215 ±(99.9%) 1.828 ms/op
# Warmup Iteration   2: 293.548 ±(99.9%) 1.313 ms/op
Iteration   1: 294.041 ±(99.9%) 2.752 ms/op
                 testSystemMilliSpeed·p0.00:   283.640 ms/op
                 testSystemMilliSpeed·p0.50:   292.028 ms/op
                 testSystemMilliSpeed·p0.90:   298.949 ms/op
                 testSystemMilliSpeed·p0.95:   303.825 ms/op
                 testSystemMilliSpeed·p0.99:   363.562 ms/op
                 testSystemMilliSpeed·p0.999:  365.953 ms/op
                 testSystemMilliSpeed·p0.9999: 365.953 ms/op
                 testSystemMilliSpeed·p1.00:   365.953 ms/op


# Run progress: 70.00% complete, ETA 00:01:18
# Fork: 3 of 5
# Warmup Iteration   1: 297.712 ±(99.9%) 5.979 ms/op
# Warmup Iteration   2: 293.428 ±(99.9%) 1.343 ms/op
Iteration   1: 295.604 ±(99.9%) 5.768 ms/op
                 testSystemMilliSpeed·p0.00:   254.018 ms/op
                 testSystemMilliSpeed·p0.50:   292.553 ms/op
                 testSystemMilliSpeed·p0.90:   300.941 ms/op
                 testSystemMilliSpeed·p0.95:   313.813 ms/op
                 testSystemMilliSpeed·p0.99:   447.621 ms/op
                 testSystemMilliSpeed·p0.999:  482.345 ms/op
                 testSystemMilliSpeed·p0.9999: 482.345 ms/op
                 testSystemMilliSpeed·p1.00:   482.345 ms/op


# Run progress: 80.00% complete, ETA 00:00:52
# Fork: 4 of 5
# Warmup Iteration   1: 320.492 ±(99.9%) 2.403 ms/op
# Warmup Iteration   2: 318.354 ±(99.9%) 1.877 ms/op
Iteration   1: 321.290 ±(99.9%) 4.634 ms/op
                 testSystemMilliSpeed·p0.00:   308.281 ms/op
                 testSystemMilliSpeed·p0.50:   317.194 ms/op
                 testSystemMilliSpeed·p0.90:   327.732 ms/op
                 testSystemMilliSpeed·p0.95:   356.988 ms/op
                 testSystemMilliSpeed·p0.99:   411.812 ms/op
                 testSystemMilliSpeed·p0.999:  413.139 ms/op
                 testSystemMilliSpeed·p0.9999: 413.139 ms/op
                 testSystemMilliSpeed·p1.00:   413.139 ms/op


# Run progress: 90.00% complete, ETA 00:00:26
# Fork: 5 of 5
# Warmup Iteration   1: 295.321 ±(99.9%) 1.982 ms/op
# Warmup Iteration   2: 293.613 ±(99.9%) 1.383 ms/op
Iteration   1: 305.193 ±(99.9%) 11.905 ms/op
                 testSystemMilliSpeed·p0.00:   286.786 ms/op
                 testSystemMilliSpeed·p0.50:   291.504 ms/op
                 testSystemMilliSpeed·p0.90:   351.797 ms/op
                 testSystemMilliSpeed·p0.95:   449.734 ms/op
                 testSystemMilliSpeed·p0.99:   473.684 ms/op
                 testSystemMilliSpeed·p0.999:  474.481 ms/op
                 testSystemMilliSpeed·p0.9999: 474.481 ms/op
                 testSystemMilliSpeed·p1.00:   474.481 ms/op



Result "test.clock.SystemTime.testSystemMilliSpeed":
  N = 669
  mean =    301.484 ±(99.9%) 3.163 ms/op

  Histogram, ms/op:
    [200.000, 225.000) = 0 
    [225.000, 250.000) = 0 
    [250.000, 275.000) = 1 
    [275.000, 300.000) = 495 
    [300.000, 325.000) = 134 
    [325.000, 350.000) = 12 
    [350.000, 375.000) = 12 
    [375.000, 400.000) = 5 
    [400.000, 425.000) = 2 
    [425.000, 450.000) = 1 
    [450.000, 475.000) = 6 

  Percentiles, ms/op:
      p(0.0000) =    254.018 ms/op
     p(50.0000) =    293.077 ms/op
     p(90.0000) =    319.816 ms/op
     p(95.0000) =    332.136 ms/op
     p(99.0000) =    455.239 ms/op
     p(99.9000) =    482.345 ms/op
     p(99.9900) =    482.345 ms/op
     p(99.9990) =    482.345 ms/op
     p(99.9999) =    482.345 ms/op
    p(100.0000) =    482.345 ms/op


# Run complete. Total time: 00:04:24

REMEMBER: The numbers below are just data. To gain reusable insights, you need to follow up on
why the numbers are the way they are. Use profilers (see -prof, -lprof), design factorial
experiments, perform baseline and negative tests that provide experimental control, make sure
the benchmarking environment is safe on JVM/OS/HW level, ask for reviews from the domain experts.
Do not assume the numbers tell you what you want them to tell.

Benchmark                                                       Mode   Cnt    Score   Error  Units
SystemTime.testBufferClock                                    sample  3815   52.858 ± 0.167  ms/op
SystemTime.testBufferClock:testBufferClock·p0.00              sample         45.023          ms/op
SystemTime.testBufferClock:testBufferClock·p0.50              sample         51.970          ms/op
SystemTime.testBufferClock:testBufferClock·p0.90              sample         56.426          ms/op
SystemTime.testBufferClock:testBufferClock·p0.95              sample         57.737          ms/op
SystemTime.testBufferClock:testBufferClock·p0.99              sample         62.052          ms/op
SystemTime.testBufferClock:testBufferClock·p0.999             sample         94.051          ms/op
SystemTime.testBufferClock:testBufferClock·p0.9999            sample        104.202          ms/op
SystemTime.testBufferClock:testBufferClock·p1.00              sample        104.202          ms/op
SystemTime.testSystemMilliSpeed                               sample   669  301.484 ± 3.163  ms/op
SystemTime.testSystemMilliSpeed:testSystemMilliSpeed·p0.00    sample        254.018          ms/op
SystemTime.testSystemMilliSpeed:testSystemMilliSpeed·p0.50    sample        293.077          ms/op
SystemTime.testSystemMilliSpeed:testSystemMilliSpeed·p0.90    sample        319.816          ms/op
SystemTime.testSystemMilliSpeed:testSystemMilliSpeed·p0.95    sample        332.136          ms/op
SystemTime.testSystemMilliSpeed:testSystemMilliSpeed·p0.99    sample        455.239          ms/op
SystemTime.testSystemMilliSpeed:testSystemMilliSpeed·p0.999   sample        482.345          ms/op
SystemTime.testSystemMilliSpeed:testSystemMilliSpeed·p0.9999  sample        482.345          ms/op
SystemTime.testSystemMilliSpeed:testSystemMilliSpeed·p1.00    sample        482.345          ms/op

Benchmark result is saved to .\logs\windows_t8.json
