# JMH version: 1.26
# VM version: JDK 1.8.0_282, OpenJDK 64-Bit Server VM, 25.282-b08
# VM invoker: C:\Users\Administrator\Desktop\java\jdk8u282-b08-jre\bin\java.exe
# VM options: -Xmx6G -Xms6G
# Warmup: 2 iterations, 10 s each
# Measurement: 1 iterations, 5 s each
# Timeout: 10 min per iteration
# Threads: 4 threads, will synchronize iterations
# Benchmark mode: Sampling time
# Benchmark: test.clock.SystemTime.testBufferClock

# Run progress: 0.00% complete, ETA 00:04:10
# Fork: 1 of 5
# Warmup Iteration   1: 33.196 ±(99.9%) 0.711 ms/op
# Warmup Iteration   2: 32.430 ±(99.9%) 0.654 ms/op
Iteration   1: 33.170 ±(99.9%) 0.986 ms/op
                 testBufferClock·p0.00:   24.674 ms/op
                 testBufferClock·p0.50:   32.244 ms/op
                 testBufferClock·p0.90:   43.175 ms/op
                 testBufferClock·p0.95:   47.002 ms/op
                 testBufferClock·p0.99:   51.117 ms/op
                 testBufferClock·p0.999:  64.684 ms/op
                 testBufferClock·p0.9999: 64.684 ms/op
                 testBufferClock·p1.00:   64.684 ms/op


# Run progress: 10.00% complete, ETA 00:03:50
# Fork: 2 of 5
# Warmup Iteration   1: 33.589 ±(99.9%) 0.723 ms/op
# Warmup Iteration   2: 33.102 ±(99.9%) 0.684 ms/op
Iteration   1: 33.122 ±(99.9%) 1.033 ms/op
                 testBufferClock·p0.00:   24.674 ms/op
                 testBufferClock·p0.50:   32.145 ms/op
                 testBufferClock·p0.90:   44.709 ms/op
                 testBufferClock·p0.95:   49.516 ms/op
                 testBufferClock·p0.99:   51.182 ms/op
                 testBufferClock·p0.999:  66.519 ms/op
                 testBufferClock·p0.9999: 66.519 ms/op
                 testBufferClock·p1.00:   66.519 ms/op


# Run progress: 20.00% complete, ETA 00:03:24
# Fork: 3 of 5
# Warmup Iteration   1: 33.294 ±(99.9%) 0.724 ms/op
# Warmup Iteration   2: 32.806 ±(99.9%) 0.675 ms/op
Iteration   1: 37.070 ±(99.9%) 1.109 ms/op
                 testBufferClock·p0.00:   24.707 ms/op
                 testBufferClock·p0.50:   36.372 ms/op
                 testBufferClock·p0.90:   47.717 ms/op
                 testBufferClock·p0.95:   49.811 ms/op
                 testBufferClock·p0.99:   58.178 ms/op
                 testBufferClock·p0.999:  70.648 ms/op
                 testBufferClock·p0.9999: 70.648 ms/op
                 testBufferClock·p1.00:   70.648 ms/op


# Run progress: 30.00% complete, ETA 00:02:59
# Fork: 4 of 5
# Warmup Iteration   1: 34.920 ±(99.9%) 0.797 ms/op
# Warmup Iteration   2: 33.713 ±(99.9%) 0.689 ms/op
Iteration   1: 32.942 ±(99.9%) 0.928 ms/op
                 testBufferClock·p0.00:   24.707 ms/op
                 testBufferClock·p0.50:   32.080 ms/op
                 testBufferClock·p0.90:   43.018 ms/op
                 testBufferClock·p0.95:   46.629 ms/op
                 testBufferClock·p0.99:   51.029 ms/op
                 testBufferClock·p0.999:  64.160 ms/op
                 testBufferClock·p0.9999: 64.160 ms/op
                 testBufferClock·p1.00:   64.160 ms/op


# Run progress: 40.00% complete, ETA 00:02:33
# Fork: 5 of 5
# Warmup Iteration   1: 32.963 ±(99.9%) 0.706 ms/op
# Warmup Iteration   2: 32.716 ±(99.9%) 0.633 ms/op
Iteration   1: 33.143 ±(99.9%) 1.016 ms/op
                 testBufferClock·p0.00:   24.707 ms/op
                 testBufferClock·p0.50:   32.211 ms/op
                 testBufferClock·p0.90:   44.401 ms/op
                 testBufferClock·p0.95:   48.415 ms/op
                 testBufferClock·p0.99:   51.377 ms/op
                 testBufferClock·p0.999:  64.815 ms/op
                 testBufferClock·p0.9999: 64.815 ms/op
                 testBufferClock·p1.00:   64.815 ms/op



Result "test.clock.SystemTime.testBufferClock":
  N = 2950
  mean =     33.819 ±(99.9%) 0.460 ms/op

  Histogram, ms/op:
    [20.000, 25.000) = 96 
    [25.000, 30.000) = 1071 
    [30.000, 35.000) = 640 
    [35.000, 40.000) = 498 
    [40.000, 45.000) = 358 
    [45.000, 50.000) = 191 
    [50.000, 55.000) = 81 
    [55.000, 60.000) = 4 
    [60.000, 65.000) = 7 
    [65.000, 70.000) = 3 
    [70.000, 75.000) = 1 

  Percentiles, ms/op:
      p(0.0000) =     24.674 ms/op
     p(50.0000) =     32.932 ms/op
     p(90.0000) =     44.827 ms/op
     p(95.0000) =     48.562 ms/op
     p(99.0000) =     51.216 ms/op
     p(99.9000) =     66.860 ms/op
     p(99.9900) =     70.648 ms/op
     p(99.9990) =     70.648 ms/op
     p(99.9999) =     70.648 ms/op
    p(100.0000) =     70.648 ms/op


# JMH version: 1.26
# VM version: JDK 1.8.0_282, OpenJDK 64-Bit Server VM, 25.282-b08
# VM invoker: C:\Users\Administrator\Desktop\java\jdk8u282-b08-jre\bin\java.exe
# VM options: -Xmx6G -Xms6G
# Warmup: 2 iterations, 10 s each
# Measurement: 1 iterations, 5 s each
# Timeout: 10 min per iteration
# Threads: 4 threads, will synchronize iterations
# Benchmark mode: Sampling time
# Benchmark: test.clock.SystemTime.testSystemMilliSpeed

# Run progress: 50.00% complete, ETA 00:02:07
# Fork: 1 of 5
# Warmup Iteration   1: 220.420 ±(99.9%) 5.910 ms/op
# Warmup Iteration   2: 219.122 ±(99.9%) 5.990 ms/op
Iteration   1: 216.195 ±(99.9%) 6.070 ms/op
                 testSystemMilliSpeed·p0.00:   185.336 ms/op
                 testSystemMilliSpeed·p0.50:   214.041 ms/op
                 testSystemMilliSpeed·p0.90:   240.307 ms/op
                 testSystemMilliSpeed·p0.95:   247.608 ms/op
                 testSystemMilliSpeed·p0.99:   257.425 ms/op
                 testSystemMilliSpeed·p0.999:  257.425 ms/op
                 testSystemMilliSpeed·p0.9999: 257.425 ms/op
                 testSystemMilliSpeed·p1.00:   257.425 ms/op


# Run progress: 60.00% complete, ETA 00:01:42
# Fork: 2 of 5
# Warmup Iteration   1: 226.532 ±(99.9%) 8.224 ms/op
# Warmup Iteration   2: 219.547 ±(99.9%) 6.903 ms/op
Iteration   1: 217.139 ±(99.9%) 7.398 ms/op
                 testSystemMilliSpeed·p0.00:   181.928 ms/op
                 testSystemMilliSpeed·p0.50:   213.647 ms/op
                 testSystemMilliSpeed·p0.90:   246.101 ms/op
                 testSystemMilliSpeed·p0.95:   253.493 ms/op
                 testSystemMilliSpeed·p0.99:   287.310 ms/op
                 testSystemMilliSpeed·p0.999:  287.310 ms/op
                 testSystemMilliSpeed·p0.9999: 287.310 ms/op
                 testSystemMilliSpeed·p1.00:   287.310 ms/op


# Run progress: 70.00% complete, ETA 00:01:17
# Fork: 3 of 5
# Warmup Iteration   1: 229.201 ±(99.9%) 6.416 ms/op
# Warmup Iteration   2: 225.943 ±(99.9%) 8.007 ms/op
Iteration   1: 220.607 ±(99.9%) 6.347 ms/op
                 testSystemMilliSpeed·p0.00:   185.860 ms/op
                 testSystemMilliSpeed·p0.50:   216.269 ms/op
                 testSystemMilliSpeed·p0.90:   245.105 ms/op
                 testSystemMilliSpeed·p0.95:   256.508 ms/op
                 testSystemMilliSpeed·p0.99:   271.057 ms/op
                 testSystemMilliSpeed·p0.999:  271.057 ms/op
                 testSystemMilliSpeed·p0.9999: 271.057 ms/op
                 testSystemMilliSpeed·p1.00:   271.057 ms/op


# Run progress: 80.00% complete, ETA 00:00:51
# Fork: 4 of 5
# Warmup Iteration   1: 224.871 ±(99.9%) 7.335 ms/op
# Warmup Iteration   2: 219.694 ±(99.9%) 5.253 ms/op
Iteration   1: 216.200 ±(99.9%) 6.311 ms/op
                 testSystemMilliSpeed·p0.00:   183.763 ms/op
                 testSystemMilliSpeed·p0.50:   217.186 ms/op
                 testSystemMilliSpeed·p0.90:   240.910 ms/op
                 testSystemMilliSpeed·p0.95:   253.415 ms/op
                 testSystemMilliSpeed·p0.99:   268.435 ms/op
                 testSystemMilliSpeed·p0.999:  268.435 ms/op
                 testSystemMilliSpeed·p0.9999: 268.435 ms/op
                 testSystemMilliSpeed·p1.00:   268.435 ms/op


# Run progress: 90.00% complete, ETA 00:00:25
# Fork: 5 of 5
# Warmup Iteration   1: 222.638 ±(99.9%) 6.740 ms/op
# Warmup Iteration   2: 223.342 ±(99.9%) 6.358 ms/op
Iteration   1: 221.102 ±(99.9%) 7.899 ms/op
                 testSystemMilliSpeed·p0.00:   182.714 ms/op
                 testSystemMilliSpeed·p0.50:   219.152 ms/op
                 testSystemMilliSpeed·p0.90:   246.415 ms/op
                 testSystemMilliSpeed·p0.95:   258.081 ms/op
                 testSystemMilliSpeed·p0.99:   298.320 ms/op
                 testSystemMilliSpeed·p0.999:  298.320 ms/op
                 testSystemMilliSpeed·p0.9999: 298.320 ms/op
                 testSystemMilliSpeed·p1.00:   298.320 ms/op



Result "test.clock.SystemTime.testSystemMilliSpeed":
  N = 453
  mean =    218.217 ±(99.9%) 2.980 ms/op

  Histogram, ms/op:
    [100.000, 112.500) = 0 
    [112.500, 125.000) = 0 
    [125.000, 137.500) = 0 
    [137.500, 150.000) = 0 
    [150.000, 162.500) = 0 
    [162.500, 175.000) = 0 
    [175.000, 187.500) = 16 
    [187.500, 200.000) = 59 
    [200.000, 212.500) = 115 
    [212.500, 225.000) = 119 
    [225.000, 237.500) = 71 
    [237.500, 250.000) = 45 
    [250.000, 262.500) = 21 
    [262.500, 275.000) = 4 
    [275.000, 287.500) = 2 

  Percentiles, ms/op:
      p(0.0000) =    181.928 ms/op
     p(50.0000) =    216.269 ms/op
     p(90.0000) =    244.318 ms/op
     p(95.0000) =    253.310 ms/op
     p(99.0000) =    269.641 ms/op
     p(99.9000) =    298.320 ms/op
     p(99.9900) =    298.320 ms/op
     p(99.9990) =    298.320 ms/op
     p(99.9999) =    298.320 ms/op
    p(100.0000) =    298.320 ms/op


# Run complete. Total time: 00:04:19

REMEMBER: The numbers below are just data. To gain reusable insights, you need to follow up on
why the numbers are the way they are. Use profilers (see -prof, -lprof), design factorial
experiments, perform baseline and negative tests that provide experimental control, make sure
the benchmarking environment is safe on JVM/OS/HW level, ask for reviews from the domain experts.
Do not assume the numbers tell you what you want them to tell.

Benchmark                                                       Mode   Cnt    Score   Error  Units
SystemTime.testBufferClock                                    sample  2950   33.819 ± 0.460  ms/op
SystemTime.testBufferClock:testBufferClock·p0.00              sample         24.674          ms/op
SystemTime.testBufferClock:testBufferClock·p0.50              sample         32.932          ms/op
SystemTime.testBufferClock:testBufferClock·p0.90              sample         44.827          ms/op
SystemTime.testBufferClock:testBufferClock·p0.95              sample         48.562          ms/op
SystemTime.testBufferClock:testBufferClock·p0.99              sample         51.216          ms/op
SystemTime.testBufferClock:testBufferClock·p0.999             sample         66.860          ms/op
SystemTime.testBufferClock:testBufferClock·p0.9999            sample         70.648          ms/op
SystemTime.testBufferClock:testBufferClock·p1.00              sample         70.648          ms/op
SystemTime.testSystemMilliSpeed                               sample   453  218.217 ± 2.980  ms/op
SystemTime.testSystemMilliSpeed:testSystemMilliSpeed·p0.00    sample        181.928          ms/op
SystemTime.testSystemMilliSpeed:testSystemMilliSpeed·p0.50    sample        216.269          ms/op
SystemTime.testSystemMilliSpeed:testSystemMilliSpeed·p0.90    sample        244.318          ms/op
SystemTime.testSystemMilliSpeed:testSystemMilliSpeed·p0.95    sample        253.310          ms/op
SystemTime.testSystemMilliSpeed:testSystemMilliSpeed·p0.99    sample        269.641          ms/op
SystemTime.testSystemMilliSpeed:testSystemMilliSpeed·p0.999   sample        298.320          ms/op
SystemTime.testSystemMilliSpeed:testSystemMilliSpeed·p0.9999  sample        298.320          ms/op
SystemTime.testSystemMilliSpeed:testSystemMilliSpeed·p1.00    sample        298.320          ms/op

Benchmark result is saved to .\logs\windows_t4.json
