# JMH version: 1.26
# VM version: JDK 1.8.0_282, OpenJDK 64-Bit Server VM, 25.282-b08
# VM invoker: C:\Users\Administrator\Desktop\java\jdk8u282-b08-jre\bin\java.exe
# VM options: -Xmx6G -Xms6G
# Warmup: 2 iterations, 10 s each
# Measurement: 1 iterations, 5 s each
# Timeout: 10 min per iteration
# Threads: 1 thread, will synchronize iterations
# Benchmark mode: Sampling time
# Benchmark: test.clock.SystemTime.testBufferClock

# Run progress: 0.00% complete, ETA 00:04:10
# Fork: 1 of 5
# Warmup Iteration   1: 25.516 ±(99.9%) 0.311 ms/op
# Warmup Iteration   2: 25.250 ±(99.9%) 0.181 ms/op
Iteration   1: 25.261 ±(99.9%) 0.315 ms/op
                 testBufferClock·p0.00:   24.674 ms/op
                 testBufferClock·p0.50:   25.035 ms/op
                 testBufferClock·p0.90:   25.526 ms/op
                 testBufferClock·p0.95:   26.870 ms/op
                 testBufferClock·p0.99:   34.865 ms/op
                 testBufferClock·p0.999:  39.322 ms/op
                 testBufferClock·p0.9999: 39.322 ms/op
                 testBufferClock·p1.00:   39.322 ms/op


# Run progress: 10.00% complete, ETA 00:03:49
# Fork: 2 of 5
# Warmup Iteration   1: 25.480 ±(99.9%) 0.274 ms/op
# Warmup Iteration   2: 25.260 ±(99.9%) 0.181 ms/op
Iteration   1: 25.274 ±(99.9%) 0.274 ms/op
                 testBufferClock·p0.00:   24.674 ms/op
                 testBufferClock·p0.50:   25.035 ms/op
                 testBufferClock·p0.90:   26.182 ms/op
                 testBufferClock·p0.95:   26.837 ms/op
                 testBufferClock·p0.99:   27.525 ms/op
                 testBufferClock·p0.999:  39.191 ms/op
                 testBufferClock·p0.9999: 39.191 ms/op
                 testBufferClock·p1.00:   39.191 ms/op


# Run progress: 20.00% complete, ETA 00:03:23
# Fork: 3 of 5
# Warmup Iteration   1: 25.438 ±(99.9%) 0.295 ms/op
# Warmup Iteration   2: 25.224 ±(99.9%) 0.171 ms/op
Iteration   1: 25.315 ±(99.9%) 0.329 ms/op
                 testBufferClock·p0.00:   24.674 ms/op
                 testBufferClock·p0.50:   25.035 ms/op
                 testBufferClock·p0.90:   25.897 ms/op
                 testBufferClock·p0.95:   27.037 ms/op
                 testBufferClock·p0.99:   36.198 ms/op
                 testBufferClock·p0.999:  38.404 ms/op
                 testBufferClock·p0.9999: 38.404 ms/op
                 testBufferClock·p1.00:   38.404 ms/op


# Run progress: 30.00% complete, ETA 00:02:58
# Fork: 4 of 5
# Warmup Iteration   1: 25.539 ±(99.9%) 0.302 ms/op
# Warmup Iteration   2: 25.266 ±(99.9%) 0.224 ms/op
Iteration   1: 25.281 ±(99.9%) 0.258 ms/op
                 testBufferClock·p0.00:   24.674 ms/op
                 testBufferClock·p0.50:   25.035 ms/op
                 testBufferClock·p0.90:   25.854 ms/op
                 testBufferClock·p0.95:   27.197 ms/op
                 testBufferClock·p0.99:   33.489 ms/op
                 testBufferClock·p0.999:  34.603 ms/op
                 testBufferClock·p0.9999: 34.603 ms/op
                 testBufferClock·p1.00:   34.603 ms/op


# Run progress: 40.00% complete, ETA 00:02:32
# Fork: 5 of 5
# Warmup Iteration   1: 25.454 ±(99.9%) 0.292 ms/op
# Warmup Iteration   2: 25.197 ±(99.9%) 0.154 ms/op
Iteration   1: 25.299 ±(99.9%) 0.327 ms/op
                 testBufferClock·p0.00:   24.674 ms/op
                 testBufferClock·p0.50:   25.035 ms/op
                 testBufferClock·p0.90:   25.690 ms/op
                 testBufferClock·p0.95:   26.870 ms/op
                 testBufferClock·p0.99:   36.504 ms/op
                 testBufferClock·p0.999:  39.059 ms/op
                 testBufferClock·p0.9999: 39.059 ms/op
                 testBufferClock·p1.00:   39.059 ms/op



Result "test.clock.SystemTime.testBufferClock":
  N = 994
  mean =     25.286 ±(99.9%) 0.133 ms/op

  Histogram, ms/op:
    [20.000, 21.250) = 0 
    [21.250, 22.500) = 0 
    [22.500, 23.750) = 0 
    [23.750, 25.000) = 405 
    [25.000, 26.250) = 499 
    [26.250, 27.500) = 77 
    [27.500, 28.750) = 3 
    [28.750, 30.000) = 1 
    [30.000, 31.250) = 0 
    [31.250, 32.500) = 0 
    [32.500, 33.750) = 1 
    [33.750, 35.000) = 2 
    [35.000, 36.250) = 1 
    [36.250, 37.500) = 1 
    [37.500, 38.750) = 1 

  Percentiles, ms/op:
      p(0.0000) =     24.674 ms/op
     p(50.0000) =     25.035 ms/op
     p(90.0000) =     25.706 ms/op
     p(95.0000) =     26.968 ms/op
     p(99.0000) =     29.909 ms/op
     p(99.9000) =     39.322 ms/op
     p(99.9900) =     39.322 ms/op
     p(99.9990) =     39.322 ms/op
     p(99.9999) =     39.322 ms/op
    p(100.0000) =     39.322 ms/op


# JMH version: 1.26
# VM version: JDK 1.8.0_282, OpenJDK 64-Bit Server VM, 25.282-b08
# VM invoker: C:\Users\Administrator\Desktop\java\jdk8u282-b08-jre\bin\java.exe
# VM options: -Xmx6G -Xms6G
# Warmup: 2 iterations, 10 s each
# Measurement: 1 iterations, 5 s each
# Timeout: 10 min per iteration
# Threads: 1 thread, will synchronize iterations
# Benchmark mode: Sampling time
# Benchmark: test.clock.SystemTime.testSystemMilliSpeed

# Run progress: 50.00% complete, ETA 00:02:07
# Fork: 1 of 5
# Warmup Iteration   1: 183.081 ±(99.9%) 1.553 ms/op
# Warmup Iteration   2: 182.152 ±(99.9%) 0.265 ms/op
Iteration   1: 182.602 ±(99.9%) 1.674 ms/op
                 testSystemMilliSpeed·p0.00:   181.404 ms/op
                 testSystemMilliSpeed·p0.50:   182.059 ms/op
                 testSystemMilliSpeed·p0.90:   183.239 ms/op
                 testSystemMilliSpeed·p0.95:   189.438 ms/op
                 testSystemMilliSpeed·p0.99:   194.511 ms/op
                 testSystemMilliSpeed·p0.999:  194.511 ms/op
                 testSystemMilliSpeed·p0.9999: 194.511 ms/op
                 testSystemMilliSpeed·p1.00:   194.511 ms/op


# Run progress: 60.00% complete, ETA 00:01:41
# Fork: 2 of 5
# Warmup Iteration   1: 183.129 ±(99.9%) 1.581 ms/op
# Warmup Iteration   2: 182.028 ±(99.9%) 0.272 ms/op
Iteration   1: 183.295 ±(99.9%) 2.302 ms/op
                 testSystemMilliSpeed·p0.00:   181.666 ms/op
                 testSystemMilliSpeed·p0.50:   182.190 ms/op
                 testSystemMilliSpeed·p0.90:   189.294 ms/op
                 testSystemMilliSpeed·p0.95:   193.908 ms/op
                 testSystemMilliSpeed·p0.99:   195.559 ms/op
                 testSystemMilliSpeed·p0.999:  195.559 ms/op
                 testSystemMilliSpeed·p0.9999: 195.559 ms/op
                 testSystemMilliSpeed·p1.00:   195.559 ms/op


# Run progress: 70.00% complete, ETA 00:01:16
# Fork: 3 of 5
# Warmup Iteration   1: 183.968 ±(99.9%) 2.106 ms/op
# Warmup Iteration   2: 182.266 ±(99.9%) 0.364 ms/op
Iteration   1: 183.407 ±(99.9%) 2.597 ms/op
                 testSystemMilliSpeed·p0.00:   181.404 ms/op
                 testSystemMilliSpeed·p0.50:   182.190 ms/op
                 testSystemMilliSpeed·p0.90:   190.081 ms/op
                 testSystemMilliSpeed·p0.95:   195.415 ms/op
                 testSystemMilliSpeed·p0.99:   197.657 ms/op
                 testSystemMilliSpeed·p0.999:  197.657 ms/op
                 testSystemMilliSpeed·p0.9999: 197.657 ms/op
                 testSystemMilliSpeed·p1.00:   197.657 ms/op


# Run progress: 80.00% complete, ETA 00:00:51
# Fork: 4 of 5
# Warmup Iteration   1: 183.158 ±(99.9%) 1.466 ms/op
# Warmup Iteration   2: 182.290 ±(99.9%) 0.290 ms/op
Iteration   1: 182.649 ±(99.9%) 1.734 ms/op
                 testSystemMilliSpeed·p0.00:   181.666 ms/op
                 testSystemMilliSpeed·p0.50:   181.928 ms/op
                 testSystemMilliSpeed·p0.90:   184.051 ms/op
                 testSystemMilliSpeed·p0.95:   190.054 ms/op
                 testSystemMilliSpeed·p0.99:   194.773 ms/op
                 testSystemMilliSpeed·p0.999:  194.773 ms/op
                 testSystemMilliSpeed·p0.9999: 194.773 ms/op
                 testSystemMilliSpeed·p1.00:   194.773 ms/op


# Run progress: 90.00% complete, ETA 00:00:25
# Fork: 5 of 5
# Warmup Iteration   1: 184.192 ±(99.9%) 2.099 ms/op
# Warmup Iteration   2: 182.495 ±(99.9%) 0.326 ms/op
Iteration   1: 183.220 ±(99.9%) 2.108 ms/op
                 testSystemMilliSpeed·p0.00:   181.666 ms/op
                 testSystemMilliSpeed·p0.50:   182.452 ms/op
                 testSystemMilliSpeed·p0.90:   184.707 ms/op
                 testSystemMilliSpeed·p0.95:   193.239 ms/op
                 testSystemMilliSpeed·p0.99:   197.132 ms/op
                 testSystemMilliSpeed·p0.999:  197.132 ms/op
                 testSystemMilliSpeed·p0.9999: 197.132 ms/op
                 testSystemMilliSpeed·p1.00:   197.132 ms/op



Result "test.clock.SystemTime.testSystemMilliSpeed":
  N = 140
  mean =    183.035 ±(99.9%) 0.854 ms/op

  Histogram, ms/op:
    [180.000, 181.250) = 0 
    [181.250, 182.500) = 98 
    [182.500, 183.750) = 25 
    [183.750, 185.000) = 7 
    [185.000, 186.250) = 0 
    [186.250, 187.500) = 0 
    [187.500, 188.750) = 1 
    [188.750, 190.000) = 2 
    [190.000, 191.250) = 0 
    [191.250, 192.500) = 1 
    [192.500, 193.750) = 1 
    [193.750, 195.000) = 2 
    [195.000, 196.250) = 1 
    [196.250, 197.500) = 1 
    [197.500, 198.750) = 1 

  Percentiles, ms/op:
      p(0.0000) =    181.404 ms/op
     p(50.0000) =    182.190 ms/op
     p(90.0000) =    183.999 ms/op
     p(95.0000) =    191.785 ms/op
     p(99.0000) =    197.442 ms/op
     p(99.9000) =    197.657 ms/op
     p(99.9900) =    197.657 ms/op
     p(99.9990) =    197.657 ms/op
     p(99.9999) =    197.657 ms/op
    p(100.0000) =    197.657 ms/op


# Run complete. Total time: 00:04:15

REMEMBER: The numbers below are just data. To gain reusable insights, you need to follow up on
why the numbers are the way they are. Use profilers (see -prof, -lprof), design factorial
experiments, perform baseline and negative tests that provide experimental control, make sure
the benchmarking environment is safe on JVM/OS/HW level, ask for reviews from the domain experts.
Do not assume the numbers tell you what you want them to tell.

Benchmark                                                       Mode  Cnt    Score   Error  Units
SystemTime.testBufferClock                                    sample  994   25.286 ± 0.133  ms/op
SystemTime.testBufferClock:testBufferClock·p0.00              sample        24.674          ms/op
SystemTime.testBufferClock:testBufferClock·p0.50              sample        25.035          ms/op
SystemTime.testBufferClock:testBufferClock·p0.90              sample        25.706          ms/op
SystemTime.testBufferClock:testBufferClock·p0.95              sample        26.968          ms/op
SystemTime.testBufferClock:testBufferClock·p0.99              sample        29.909          ms/op
SystemTime.testBufferClock:testBufferClock·p0.999             sample        39.322          ms/op
SystemTime.testBufferClock:testBufferClock·p0.9999            sample        39.322          ms/op
SystemTime.testBufferClock:testBufferClock·p1.00              sample        39.322          ms/op
SystemTime.testSystemMilliSpeed                               sample  140  183.035 ± 0.854  ms/op
SystemTime.testSystemMilliSpeed:testSystemMilliSpeed·p0.00    sample       181.404          ms/op
SystemTime.testSystemMilliSpeed:testSystemMilliSpeed·p0.50    sample       182.190          ms/op
SystemTime.testSystemMilliSpeed:testSystemMilliSpeed·p0.90    sample       183.999          ms/op
SystemTime.testSystemMilliSpeed:testSystemMilliSpeed·p0.95    sample       191.785          ms/op
SystemTime.testSystemMilliSpeed:testSystemMilliSpeed·p0.99    sample       197.442          ms/op
SystemTime.testSystemMilliSpeed:testSystemMilliSpeed·p0.999   sample       197.657          ms/op
SystemTime.testSystemMilliSpeed:testSystemMilliSpeed·p0.9999  sample       197.657          ms/op
SystemTime.testSystemMilliSpeed:testSystemMilliSpeed·p1.00    sample       197.657          ms/op

Benchmark result is saved to .\logs\windows_t1.json
