# JMH version: 1.26
# VM version: JDK 1.8.0_282, OpenJDK 64-Bit Server VM, 25.282-b08
# VM invoker: C:\Users\Administrator\Desktop\java\jdk8u282-b08-jre\bin\java.exe
# VM options: -Xmx6G -Xms6G
# Warmup: 2 iterations, 10 s each
# Measurement: 1 iterations, 5 s each
# Timeout: 10 min per iteration
# Threads: 64 threads, will synchronize iterations
# Benchmark mode: Sampling time
# Benchmark: test.clock.SystemTime.testBufferClock

# Run progress: 0.00% complete, ETA 00:04:10
# Fork: 1 of 5
# Warmup Iteration   1: 421.068 ±(99.9%) 57.481 ms/op
# Warmup Iteration   2: 423.723 ±(99.9%) 50.675 ms/op
Iteration   1: 396.003 ±(99.9%) 61.680 ms/op
                 testBufferClock·p0.00:   47.448 ms/op
                 testBufferClock·p0.50:   50.856 ms/op
                 testBufferClock·p0.90:   1402.995 ms/op
                 testBufferClock·p0.95:   1438.017 ms/op
                 testBufferClock·p0.99:   1771.171 ms/op
                 testBufferClock·p0.999:  2185.232 ms/op
                 testBufferClock·p0.9999: 2185.232 ms/op
                 testBufferClock·p1.00:   2185.232 ms/op


# Run progress: 10.00% complete, ETA 00:06:07
# Fork: 2 of 5
# Warmup Iteration   1: 450.373 ±(99.9%) 66.604 ms/op
# Warmup Iteration   2: 418.902 ±(99.9%) 49.388 ms/op
Iteration   1: 400.139 ±(99.9%) 64.900 ms/op
                 testBufferClock·p0.00:   44.827 ms/op
                 testBufferClock·p0.50:   50.790 ms/op
                 testBufferClock·p0.90:   1394.187 ms/op
                 testBufferClock·p0.95:   1543.084 ms/op
                 testBufferClock·p0.99:   2304.686 ms/op
                 testBufferClock·p0.999:  2789.212 ms/op
                 testBufferClock·p0.9999: 2789.212 ms/op
                 testBufferClock·p1.00:   2789.212 ms/op


# Run progress: 20.00% complete, ETA 00:05:21
# Fork: 3 of 5
# Warmup Iteration   1: 418.167 ±(99.9%) 53.674 ms/op
# Warmup Iteration   2: 422.523 ±(99.9%) 50.220 ms/op
Iteration   1: 399.622 ±(99.9%) 63.339 ms/op
                 testBufferClock·p0.00:   49.676 ms/op
                 testBufferClock·p0.50:   53.477 ms/op
                 testBufferClock·p0.90:   1518.338 ms/op
                 testBufferClock·p0.95:   1600.966 ms/op
                 testBufferClock·p0.99:   1644.167 ms/op
                 testBufferClock·p0.999:  2919.236 ms/op
                 testBufferClock·p0.9999: 2919.236 ms/op
                 testBufferClock·p1.00:   2919.236 ms/op


# Run progress: 30.00% complete, ETA 00:04:40
# Fork: 4 of 5
# Warmup Iteration   1: 409.568 ±(99.9%) 56.093 ms/op
# Warmup Iteration   2: 414.918 ±(99.9%) 51.171 ms/op
Iteration   1: 414.825 ±(99.9%) 64.643 ms/op
                 testBufferClock·p0.00:   50.004 ms/op
                 testBufferClock·p0.50:   53.608 ms/op
                 testBufferClock·p0.90:   1488.978 ms/op
                 testBufferClock·p0.95:   1543.504 ms/op
                 testBufferClock·p0.99:   1664.468 ms/op
                 testBufferClock·p0.999:  2357.199 ms/op
                 testBufferClock·p0.9999: 2357.199 ms/op
                 testBufferClock·p1.00:   2357.199 ms/op


# Run progress: 40.00% complete, ETA 00:03:57
# Fork: 5 of 5
# Warmup Iteration   1: 419.713 ±(99.9%) 55.497 ms/op
# Warmup Iteration   2: 423.584 ±(99.9%) 51.041 ms/op
Iteration   1: 388.663 ±(99.9%) 60.317 ms/op
                 testBufferClock·p0.00:   49.545 ms/op
                 testBufferClock·p0.50:   50.790 ms/op
                 testBufferClock·p0.90:   1392.509 ms/op
                 testBufferClock·p0.95:   1423.966 ms/op
                 testBufferClock·p0.99:   1610.361 ms/op
                 testBufferClock·p0.999:  2206.187 ms/op
                 testBufferClock·p0.9999: 2206.204 ms/op
                 testBufferClock·p1.00:   2206.204 ms/op



Result "test.clock.SystemTime.testBufferClock":
  N = 4908
  mean =    399.706 ±(99.9%) 28.085 ms/op

  Histogram, ms/op:
    [   0.000,  250.000) = 3604 
    [ 250.000,  500.000) = 35 
    [ 500.000,  750.000) = 52 
    [ 750.000, 1000.000) = 38 
    [1000.000, 1250.000) = 73 
    [1250.000, 1500.000) = 799 
    [1500.000, 1750.000) = 250 
    [1750.000, 2000.000) = 23 
    [2000.000, 2250.000) = 19 
    [2250.000, 2500.000) = 7 
    [2500.000, 2750.000) = 5 

  Percentiles, ms/op:
      p(0.0000) =     44.827 ms/op
     p(50.0000) =     52.101 ms/op
     p(90.0000) =   1409.496 ms/op
     p(95.0000) =   1530.921 ms/op
     p(99.0000) =   1834.819 ms/op
     p(99.9000) =   2682.069 ms/op
     p(99.9900) =   2919.236 ms/op
     p(99.9990) =   2919.236 ms/op
     p(99.9999) =   2919.236 ms/op
    p(100.0000) =   2919.236 ms/op


# JMH version: 1.26
# VM version: JDK 1.8.0_282, OpenJDK 64-Bit Server VM, 25.282-b08
# VM invoker: C:\Users\Administrator\Desktop\java\jdk8u282-b08-jre\bin\java.exe
# VM options: -Xmx6G -Xms6G
# Warmup: 2 iterations, 10 s each
# Measurement: 1 iterations, 5 s each
# Timeout: 10 min per iteration
# Threads: 64 threads, will synchronize iterations
# Benchmark mode: Sampling time
# Benchmark: test.clock.SystemTime.testSystemMilliSpeed

# Run progress: 50.00% complete, ETA 00:03:17
# Fork: 1 of 5
# Warmup Iteration   1: 2577.976 ±(99.9%) 237.632 ms/op
# Warmup Iteration   2: 2459.828 ±(99.9%) 156.503 ms/op
Iteration   1: 2104.329 ±(99.9%) 220.558 ms/op
                 testSystemMilliSpeed·p0.00:   289.931 ms/op
                 testSystemMilliSpeed·p0.50:   1722.810 ms/op
                 testSystemMilliSpeed·p0.90:   3225.420 ms/op
                 testSystemMilliSpeed·p0.95:   3235.906 ms/op
                 testSystemMilliSpeed·p0.99:   3259.184 ms/op
                 testSystemMilliSpeed·p0.999:  3267.363 ms/op
                 testSystemMilliSpeed·p0.9999: 3267.363 ms/op
                 testSystemMilliSpeed·p1.00:   3267.363 ms/op


# Run progress: 60.00% complete, ETA 00:02:42
# Fork: 2 of 5
# Warmup Iteration   1: 2397.157 ±(99.9%) 272.854 ms/op
# Warmup Iteration   2: 2522.392 ±(99.9%) 158.997 ms/op
Iteration   1: 2170.969 ±(99.9%) 208.778 ms/op
                 testSystemMilliSpeed·p0.00:   286.261 ms/op
                 testSystemMilliSpeed·p0.50:   1814.036 ms/op
                 testSystemMilliSpeed·p0.90:   3111.335 ms/op
                 testSystemMilliSpeed·p0.95:   3196.060 ms/op
                 testSystemMilliSpeed·p0.99:   3698.286 ms/op
                 testSystemMilliSpeed·p0.999:  3888.120 ms/op
                 testSystemMilliSpeed·p0.9999: 3888.120 ms/op
                 testSystemMilliSpeed·p1.00:   3888.120 ms/op


# Run progress: 70.00% complete, ETA 00:02:03
# Fork: 3 of 5
# Warmup Iteration   1: 2584.979 ±(99.9%) 302.666 ms/op
# Warmup Iteration   2: 2524.259 ±(99.9%) 220.616 ms/op
Iteration   1: 2159.424 ±(99.9%) 204.664 ms/op
                 testSystemMilliSpeed·p0.00:   291.504 ms/op
                 testSystemMilliSpeed·p0.50:   1836.057 ms/op
                 testSystemMilliSpeed·p0.90:   3217.031 ms/op
                 testSystemMilliSpeed·p0.95:   3225.420 ms/op
                 testSystemMilliSpeed·p0.99:   4060.296 ms/op
                 testSystemMilliSpeed·p0.999:  4177.527 ms/op
                 testSystemMilliSpeed·p0.9999: 4177.527 ms/op
                 testSystemMilliSpeed·p1.00:   4177.527 ms/op


# Run progress: 80.00% complete, ETA 00:01:22
# Fork: 4 of 5
# Warmup Iteration   1: 2540.323 ±(99.9%) 262.496 ms/op
# Warmup Iteration   2: 2573.106 ±(99.9%) 184.645 ms/op
Iteration   1: 2208.566 ±(99.9%) 197.116 ms/op
                 testSystemMilliSpeed·p0.00:   477.626 ms/op
                 testSystemMilliSpeed·p0.50:   1897.923 ms/op
                 testSystemMilliSpeed·p0.90:   3209.901 ms/op
                 testSystemMilliSpeed·p0.95:   3238.003 ms/op
                 testSystemMilliSpeed·p0.99:   3581.348 ms/op
                 testSystemMilliSpeed·p0.999:  3980.394 ms/op
                 testSystemMilliSpeed·p0.9999: 3980.394 ms/op
                 testSystemMilliSpeed·p1.00:   3980.394 ms/op


# Run progress: 90.00% complete, ETA 00:00:41
# Fork: 5 of 5
# Warmup Iteration   1: 2437.148 ±(99.9%) 320.208 ms/op
# Warmup Iteration   2: 2405.817 ±(99.9%) 198.163 ms/op
Iteration   1: 2182.938 ±(99.9%) 182.417 ms/op
                 testSystemMilliSpeed·p0.00:   673.186 ms/op
                 testSystemMilliSpeed·p0.50:   1675.624 ms/op
                 testSystemMilliSpeed·p0.90:   3003.122 ms/op
                 testSystemMilliSpeed·p0.95:   3027.029 ms/op
                 testSystemMilliSpeed·p0.99:   3785.108 ms/op
                 testSystemMilliSpeed·p0.999:  3829.400 ms/op
                 testSystemMilliSpeed·p0.9999: 3829.400 ms/op
                 testSystemMilliSpeed·p1.00:   3829.400 ms/op



Result "test.clock.SystemTime.testSystemMilliSpeed":
  N = 820
  mean =   2165.352 ±(99.9%) 89.330 ms/op

  Histogram, ms/op:
    [   0.000,  500.000) = 17 
    [ 500.000, 1000.000) = 14 
    [1000.000, 1500.000) = 100 
    [1500.000, 2000.000) = 318 
    [2000.000, 2500.000) = 30 
    [2500.000, 3000.000) = 182 
    [3000.000, 3500.000) = 151 
    [3500.000, 4000.000) = 7 
    [4000.000, 4500.000) = 1 

  Percentiles, ms/op:
      p(0.0000) =    286.261 ms/op
     p(50.0000) =   1773.142 ms/op
     p(90.0000) =   3204.448 ms/op
     p(95.0000) =   3225.420 ms/op
     p(99.0000) =   3484.208 ms/op
     p(99.9000) =   4177.527 ms/op
     p(99.9900) =   4177.527 ms/op
     p(99.9990) =   4177.527 ms/op
     p(99.9999) =   4177.527 ms/op
    p(100.0000) =   4177.527 ms/op


# Run complete. Total time: 00:07:02

REMEMBER: The numbers below are just data. To gain reusable insights, you need to follow up on
why the numbers are the way they are. Use profilers (see -prof, -lprof), design factorial
experiments, perform baseline and negative tests that provide experimental control, make sure
the benchmarking environment is safe on JVM/OS/HW level, ask for reviews from the domain experts.
Do not assume the numbers tell you what you want them to tell.

Benchmark                                                       Mode   Cnt     Score    Error  Units
SystemTime.testBufferClock                                    sample  4908   399.706 ± 28.085  ms/op
SystemTime.testBufferClock:testBufferClock·p0.00              sample          44.827           ms/op
SystemTime.testBufferClock:testBufferClock·p0.50              sample          52.101           ms/op
SystemTime.testBufferClock:testBufferClock·p0.90              sample        1409.496           ms/op
SystemTime.testBufferClock:testBufferClock·p0.95              sample        1530.921           ms/op
SystemTime.testBufferClock:testBufferClock·p0.99              sample        1834.819           ms/op
SystemTime.testBufferClock:testBufferClock·p0.999             sample        2682.069           ms/op
SystemTime.testBufferClock:testBufferClock·p0.9999            sample        2919.236           ms/op
SystemTime.testBufferClock:testBufferClock·p1.00              sample        2919.236           ms/op
SystemTime.testSystemMilliSpeed                               sample   820  2165.352 ± 89.330  ms/op
SystemTime.testSystemMilliSpeed:testSystemMilliSpeed·p0.00    sample         286.261           ms/op
SystemTime.testSystemMilliSpeed:testSystemMilliSpeed·p0.50    sample        1773.142           ms/op
SystemTime.testSystemMilliSpeed:testSystemMilliSpeed·p0.90    sample        3204.448           ms/op
SystemTime.testSystemMilliSpeed:testSystemMilliSpeed·p0.95    sample        3225.420           ms/op
SystemTime.testSystemMilliSpeed:testSystemMilliSpeed·p0.99    sample        3484.208           ms/op
SystemTime.testSystemMilliSpeed:testSystemMilliSpeed·p0.999   sample        4177.527           ms/op
SystemTime.testSystemMilliSpeed:testSystemMilliSpeed·p0.9999  sample        4177.527           ms/op
SystemTime.testSystemMilliSpeed:testSystemMilliSpeed·p1.00    sample        4177.527           ms/op

Benchmark result is saved to .\logs\windows_t64.json
